INFO-FLOW: Workspace C:/Users/Zak/Desktop/lenet5/VHDL_implementation/conv_1/solution1 opened at Tue Jun 09 14:13:30 +0200 2020
Execute     config_clock -quiet -name default -period 10 -default=false 
INFO: [SYN 201-201] Setting up clock 'default' with a period of 10ns.
Execute     open_platform DefaultPlatform 
Execute     import_lib E:/Xiliix/Vivado/2019.2/common/technology/xilinx/zynq/zynq 
Execute       source E:/Xiliix/Vivado/2019.2/common/technology/xilinx/common/xilinx.lib 
Execute         source E:/Xiliix/Vivado/2019.2/common/technology/xilinx/interface/xilinx_interface.lib 
Execute           source E:/Xiliix/Vivado/2019.2/common/technology/xilinx/interface/plb46.lib 
Execute           source E:/Xiliix/Vivado/2019.2/common/technology/xilinx/interface/fsl.lib 
Execute           source E:/Xiliix/Vivado/2019.2/common/technology/xilinx/interface/axi4.lib 
Execute           source E:/Xiliix/Vivado/2019.2/common/technology/xilinx/interface/maxi.lib 
Execute           source E:/Xiliix/Vivado/2019.2/common/technology/xilinx/interface/saxilite.lib 
Execute         source E:/Xiliix/Vivado/2019.2/common/technology/xilinx/common/dsp48.lib 
Execute         source E:/Xiliix/Vivado/2019.2/common/technology/xilinx/ip/dds_compiler.lib 
Execute         source E:/Xiliix/Vivado/2019.2/common/technology/xilinx/ip/xfft.lib 
Execute         source E:/Xiliix/Vivado/2019.2/common/technology/xilinx/ip/xfir.lib 
Execute       source E:/Xiliix/Vivado/2019.2/common/technology/xilinx/common/xilinx.hlp 
Execute         source E:/Xiliix/Vivado/2019.2/common/technology/xilinx/common/target_info.tcl 
Execute         source E:/Xiliix/Vivado/2019.2/common/technology/xilinx/interface/xilinx_interface.hlp 
Execute           source E:/Xiliix/Vivado/2019.2/common/technology/xilinx/interface/maxi.hlp 
Execute           source E:/Xiliix/Vivado/2019.2/common/technology/xilinx/interface/saxilite.hlp 
Execute         source E:/Xiliix/Vivado/2019.2/common/technology/xilinx/common/dsp48.hlp 
Execute       source E:/Xiliix/Vivado/2019.2/common/technology/xilinx/zynq/dsp48e1.hlp 
Execute       source E:/Xiliix/Vivado/2019.2/common/technology/xilinx/common/xilinx.hlp 
Execute         source E:/Xiliix/Vivado/2019.2/common/technology/xilinx/common/target_info.tcl 
Execute         source E:/Xiliix/Vivado/2019.2/common/technology/xilinx/interface/xilinx_interface.hlp 
Execute           source E:/Xiliix/Vivado/2019.2/common/technology/xilinx/interface/maxi.hlp 
Execute           source E:/Xiliix/Vivado/2019.2/common/technology/xilinx/interface/saxilite.hlp 
Execute         source E:/Xiliix/Vivado/2019.2/common/technology/xilinx/common/dsp48.hlp 
Execute     source E:/Xiliix/Vivado/2019.2/common/technology/xilinx/zynq/zynq.gen 
Execute       source E:/Xiliix/Vivado/2019.2/common/technology/xilinx/common/xilinx.gen 
Execute         source E:/Xiliix/Vivado/2019.2/common/technology/xilinx/interface/plb46.gen 
Execute         source E:/Xiliix/Vivado/2019.2/common/technology/xilinx/interface/fsl.gen 
Execute         source E:/Xiliix/Vivado/2019.2/common/technology/xilinx/interface/axi4.gen 
Execute         source E:/Xiliix/Vivado/2019.2/common/technology/xilinx/interface/nativeAXI4.gen 
Execute           source E:/Xiliix/Vivado/2019.2/common/technology/xilinx/interface/saxilite.gen 
Execute           source E:/Xiliix/Vivado/2019.2/common/technology/xilinx/interface/maxi.gen 
Execute         source E:/Xiliix/Vivado/2019.2/common/technology/xilinx/scripts/xilinxcoregen.gen 
Execute         source E:/Xiliix/Vivado/2019.2/common/technology/xilinx/interface/XilEDKCoreGen.gen 
Execute         source E:/Xiliix/Vivado/2019.2/common/technology/xilinx/ip/dds_compiler.gen 
Execute         source E:/Xiliix/Vivado/2019.2/common/technology/xilinx/ip/util.gen 
Execute         source E:/Xiliix/Vivado/2019.2/common/technology/xilinx/ip/xfft.gen 
Command         ap_source done; 0.277 sec.
Execute         source E:/Xiliix/Vivado/2019.2/common/technology/xilinx/ip/xfir.gen 
Execute         source E:/Xiliix/Vivado/2019.2/common/technology/xilinx/common/dsp48.gen 
Command       ap_source done; 0.355 sec.
Command     ap_source done; 0.355 sec.
Execute     open_platform DefaultPlatform 
Execute     import_lib E:/Xiliix/Vivado/2019.2/common/technology/xilinx/zynq/zynq_fpv6 
Execute       source E:/Xiliix/Vivado/2019.2/common/technology/xilinx/common/xilinx_fp.lib 
Execute       source E:/Xiliix/Vivado/2019.2/common/technology/xilinx/common/xilinx_fp.hlp 
Execute         source E:/Xiliix/Vivado/2019.2/common/technology/xilinx/common/xilinx.hlp 
Execute           source E:/Xiliix/Vivado/2019.2/common/technology/xilinx/common/target_info.tcl 
Execute           source E:/Xiliix/Vivado/2019.2/common/technology/xilinx/interface/xilinx_interface.hlp 
Execute             source E:/Xiliix/Vivado/2019.2/common/technology/xilinx/interface/maxi.hlp 
Execute             source E:/Xiliix/Vivado/2019.2/common/technology/xilinx/interface/saxilite.hlp 
Execute           source E:/Xiliix/Vivado/2019.2/common/technology/xilinx/common/dsp48.hlp 
Execute     source E:/Xiliix/Vivado/2019.2/common/technology/xilinx/zynq/zynq_fpv6.gen 
Execute       source E:/Xiliix/Vivado/2019.2/common/technology/xilinx/common/xilinx_fp.gen 
Execute     set_part xc7z010-clg400-2 
Execute       ap_part_info -name xc7z010-clg400-2 -data single -quiet 
Command       ap_part_info done; 1.752 sec.
Execute       ap_part_info -name xc7z010-clg400-2 -data info 
Execute       add_library xilinx/zynq/zynq:xc7z010:-clg400:-2 
Execute         get_default_platform 
Execute         ap_part_info -data single -name xc7z010-clg400-2 
Execute         ap_part_info -name xc7z010-clg400-2 -data resources 
Execute         ap_part_info -name xc7z010-clg400-2 -data info 
Execute         ap_part_info -name xc7z010-clg400-2 -data info 
Execute         config_chip_info -quiet -resource {SLICE 4400} {LUT 17600} {FF 35200} {DSP48E 80} {BRAM 120} {URAM 0} 
Execute         ap_part_info -name xc7z010-clg400-2 -data info 
Execute         config_chip_info -quiet -speed medium 
Command       add_library done; 0.165 sec.
Execute       add_library xilinx/zynq/zynq_fpv6 
Execute         get_default_platform 
Execute         open_platform DefaultPlatform 
Execute         import_lib E:/Xiliix/Vivado/2019.2/common/technology/xilinx/zynq/zynq_fpv6 
Execute           source E:/Xiliix/Vivado/2019.2/common/technology/xilinx/common/xilinx_fp.lib 
Execute           source E:/Xiliix/Vivado/2019.2/common/technology/xilinx/common/xilinx_fp.hlp 
Execute             source E:/Xiliix/Vivado/2019.2/common/technology/xilinx/common/xilinx.hlp 
Execute               source E:/Xiliix/Vivado/2019.2/common/technology/xilinx/common/target_info.tcl 
Execute               source E:/Xiliix/Vivado/2019.2/common/technology/xilinx/interface/xilinx_interface.hlp 
Execute                 source E:/Xiliix/Vivado/2019.2/common/technology/xilinx/interface/maxi.hlp 
Execute                 source E:/Xiliix/Vivado/2019.2/common/technology/xilinx/interface/saxilite.hlp 
Execute               source E:/Xiliix/Vivado/2019.2/common/technology/xilinx/common/dsp48.hlp 
Execute         source E:/Xiliix/Vivado/2019.2/common/technology/xilinx/zynq/zynq_fpv6.gen 
Execute           source E:/Xiliix/Vivado/2019.2/common/technology/xilinx/common/xilinx_fp.gen 
INFO: [HLS 200-10] Setting target device to 'xc7z010-clg400-2'
Execute       ap_part_info -name xc7z010-clg400-2 -data info 
Execute       get_default_platform 
Command     set_part done; 2.231 sec.
Execute     ap_part_info -data single -name xc7z010-clg400-2 
Execute     ap_part_info -name xc7z010-clg400-2 -data resources 
Execute     ap_part_info -name xc7z010-clg400-2 -data info 
Execute     ap_part_info -name xc7z010-clg400-2 -data info 
Execute     config_chip_info -quiet -resource {SLICE 4400} {LUT 17600} {FF 35200} {DSP48E 80} {BRAM 120} {URAM 0} 
Execute     ap_part_info -name xc7z010-clg400-2 -data info 
Execute     config_chip_info -quiet -speed medium 
Command   open_solution done; 2.846 sec.
Execute   set_part xc7z010clg400-2 
Execute     ap_part_info -name xc7z010clg400-2 -data single -quiet 
Execute     ap_part_info -name xc7z010clg400-2 -data info 
Command     ap_part_info done; 0.143 sec.
Execute     add_library xilinx/zynq/zynq:xc7z010:-clg400:-2 
Execute       get_default_platform 
Execute       ap_part_info -data single -name xc7z010-clg400-2 
Execute       ap_part_info -name xc7z010-clg400-2 -data resources 
Execute       ap_part_info -name xc7z010-clg400-2 -data info 
Execute       ap_part_info -name xc7z010-clg400-2 -data info 
Command       ap_part_info done; 0.103 sec.
Execute       config_chip_info -quiet -resource {SLICE 4400} {LUT 17600} {FF 35200} {DSP48E 80} {BRAM 120} {URAM 0} 
Execute       ap_part_info -name xc7z010-clg400-2 -data info 
Execute       config_chip_info -quiet -speed medium 
Command     add_library done; 0.248 sec.
Execute     add_library xilinx/zynq/zynq_fpv6 
Execute       get_default_platform 
Execute       open_platform DefaultPlatform 
Execute       import_lib E:/Xiliix/Vivado/2019.2/common/technology/xilinx/zynq/zynq_fpv6 
Execute         source E:/Xiliix/Vivado/2019.2/common/technology/xilinx/common/xilinx_fp.lib 
Execute         source E:/Xiliix/Vivado/2019.2/common/technology/xilinx/common/xilinx_fp.hlp 
Execute           source E:/Xiliix/Vivado/2019.2/common/technology/xilinx/common/xilinx.hlp 
Execute             source E:/Xiliix/Vivado/2019.2/common/technology/xilinx/common/target_info.tcl 
Execute             source E:/Xiliix/Vivado/2019.2/common/technology/xilinx/interface/xilinx_interface.hlp 
Execute               source E:/Xiliix/Vivado/2019.2/common/technology/xilinx/interface/maxi.hlp 
Execute               source E:/Xiliix/Vivado/2019.2/common/technology/xilinx/interface/saxilite.hlp 
Execute             source E:/Xiliix/Vivado/2019.2/common/technology/xilinx/common/dsp48.hlp 
Execute       source E:/Xiliix/Vivado/2019.2/common/technology/xilinx/zynq/zynq_fpv6.gen 
Execute         source E:/Xiliix/Vivado/2019.2/common/technology/xilinx/common/xilinx_fp.gen 
Execute     ap_part_info -name xc7z010-clg400-2 -data info 
Execute     get_default_platform 
Command   set_part done; 0.666 sec.
Execute   create_clock -period 10 -name default 
Execute     config_clock -quiet -name default -period 10 -default=false 
INFO: [SYN 201-201] Setting up clock 'default' with a period of 10ns.
Execute   csynth_design 
Execute     get_config_compile -dump_cfg 
Execute     get_config_compile -effort 
Execute     get_config_compile -enable_clang39 
Execute     get_config_compile -g 
Execute     get_config_compile -ng 
Execute     get_config_compile -opt_fp 
Execute     get_config_compile -skip_cdt 
Execute     get_config_compile -skip_syncheck 
Execute     get_config_compile -skip_transform 
Execute     get_config_compile -keep_printf 
Execute     elaborate -effort=medium -skip_syncheck=0 -keep_printf=0 -skip_cdt=0 -skip_transform=0 -ng=0 -g=0 -opt_fp=0 -from_csynth_design=1 
Execute       get_config_schedule -relax_ii_for_timing 
INFO: [SCHED 204-61] Option 'relax_ii_for_timing' is enabled, will increase II to preserve clock frequency constraints.
Execute       get_config_schedule -suppress_dependence_error_break 
INFO: [HLS 200-10] Analyzing design file '../C_implementation/lenet5.c' ... 
INFO-FLOW: Compiling one TU...
Execute       is_m_axi_addr64 
INFO-FLOW: Handling ../C_implementation/lenet5.c as C
Execute       ap_part_info -name xc7z010-clg400-2 -data info 
Execute       is_encrypted ../C_implementation/lenet5.c 
INFO-FLOW: Running: GCC PP
INFO-FLOW: Source preprocessing
Execute       clang  -fno-limit-debug-info -gcc-toolchain "E:/Xiliix/Vivado/2019.2/msys" -hls  -fno-exceptions  -D__llvm__  -E "../C_implementation/lenet5.c"     -fno-math-errno -c -emit-llvm -O0  -mllvm -disable-llvm-optzns -std=gnu89   -DAESL_SYN -D__SYNTHESIS__ -D__HLS_SYN__ -I "E:/Xiliix/Vivado/2019.2/common/technology/autopilot" -I "E:/Xiliix/Vivado/2019.2/common/technology/autopilot/ap_sysc" -include etc/autopilot_ssdm_op.h -D__DSP48E1__ -D__cdecl=  -o "C:/Users/Zak/Desktop/lenet5/VHDL_implementation/conv_1/solution1/.autopilot/db/lenet5.pp.0.c" 
INFO-FLOW: exec E:/Xiliix/Vivado/2019.2/win64/tools/clang/bin/clang -fno-limit-debug-info -gcc-toolchain E:/Xiliix/Vivado/2019.2/msys -hls -fno-exceptions -D__llvm__ -E ../C_implementation/lenet5.c -fno-math-errno -c -emit-llvm -O0 -mllvm -disable-llvm-optzns -std=gnu89 -DAESL_SYN -D__SYNTHESIS__ -D__HLS_SYN__ -I E:/Xiliix/Vivado/2019.2/common/technology/autopilot -I E:/Xiliix/Vivado/2019.2/common/technology/autopilot/ap_sysc -include etc/autopilot_ssdm_op.h -D__DSP48E1__ -D__cdecl= -o C:/Users/Zak/Desktop/lenet5/VHDL_implementation/conv_1/solution1/.autopilot/db/lenet5.pp.0.c
Command       clang done; 1.829 sec.
Execute       tidy_31 xilinx-xfmat-array-geometry C:/Users/Zak/Desktop/lenet5/VHDL_implementation/conv_1/solution1/.autopilot/db/lenet5.pp.0.c std=gnu89 
INFO-FLOW: exec E:/Xiliix/Vivado/2019.2/win64/tools/clang-3.9-csynth/bin/tidy-3.1 -header-filter=.* -checks=-*,xilinx-xfmat-array-geometry -quiet -fix C:/Users/Zak/Desktop/lenet5/VHDL_implementation/conv_1/solution1/.autopilot/db/lenet5.pp.0.c -- -std=gnu89 -fhls -ferror-limit=0
Command       tidy_31 done; 2.966 sec.
INFO-FLOW: Syntax Checking before pre-processing...
Execute       clang -syntaxcheck -src C:/Users/Zak/Desktop/lenet5/VHDL_implementation/conv_1/solution1/.autopilot/db/lenet5.pp.0.c  -fno-limit-debug-info -gcc-toolchain "E:/Xiliix/Vivado/2019.2/msys" -hls    -fno-math-errno -c -emit-llvm -O0  -mllvm -disable-llvm-optzns -std=gnu89   -DAESL_SYN -D__SYNTHESIS__ -D__HLS_SYN__ -I "E:/Xiliix/Vivado/2019.2/common/technology/autopilot" -I "E:/Xiliix/Vivado/2019.2/common/technology/autopilot/ap_sysc" -include etc/autopilot_ssdm_op.h -D__DSP48E1__ -D__cdecl=  "C:/Users/Zak/Desktop/lenet5/VHDL_implementation/conv_1/solution1/.autopilot/db/lenet5.pp.0.c"  -o "C:/Users/Zak/Desktop/lenet5/VHDL_implementation/conv_1/solution1/.autopilot/db/useless.bc"  
INFO-FLOW: exec E:/Xiliix/Vivado/2019.2/win64/tools/clang/bin/clang -fno-limit-debug-info -gcc-toolchain E:/Xiliix/Vivado/2019.2/msys -hls -fno-math-errno -c -emit-llvm -O0 -mllvm -disable-llvm-optzns -std=gnu89 -DAESL_SYN -D__SYNTHESIS__ -D__HLS_SYN__ -I E:/Xiliix/Vivado/2019.2/common/technology/autopilot -I E:/Xiliix/Vivado/2019.2/common/technology/autopilot/ap_sysc -include etc/autopilot_ssdm_op.h -D__DSP48E1__ -D__cdecl= C:/Users/Zak/Desktop/lenet5/VHDL_implementation/conv_1/solution1/.autopilot/db/lenet5.pp.0.c -o C:/Users/Zak/Desktop/lenet5/VHDL_implementation/conv_1/solution1/.autopilot/db/useless.bc
Command       clang done; 1.615 sec.
INFO-FLOW: Done: GCC PP time: 6.4 seconds per iteration
Execute       source E:/Xiliix/Vivado/2019.2/tps/tcl/tcllib1.11.1/yaml/huddle.tcl 
Execute       source E:/Xiliix/Vivado/2019.2/tps/tcl/tcllib1.11.1/yaml/json2huddle.tcl 
Execute         source E:/Xiliix/Vivado/2019.2/tps/tcl/tcllib1.11.1/try/try.tcl 
Execute       list_core -type functional_unit 
Execute       tidy_31 xilinx-systemc-detector C:/Users/Zak/Desktop/lenet5/VHDL_implementation/conv_1/solution1/.autopilot/db/lenet5.pp.0.c std=gnu89 -directive=C:/Users/Zak/Desktop/lenet5/VHDL_implementation/conv_1/solution1/.autopilot/db/.systemc_flag 
INFO-FLOW: exec E:/Xiliix/Vivado/2019.2/win64/tools/clang-3.9-csynth/bin/tidy-3.1 -header-filter=.* -checks=-*,xilinx-systemc-detector -import-directive=C:/Users/Zak/Desktop/lenet5/VHDL_implementation/conv_1/solution1/.autopilot/db/.systemc_flag -quiet -fix-errors C:/Users/Zak/Desktop/lenet5/VHDL_implementation/conv_1/solution1/.autopilot/db/lenet5.pp.0.c -- -std=gnu89 -fhls -ferror-limit=0
Command       tidy_31 done; 0.12 sec.
INFO-FLOW: Running: tidy-3.1 CDT preprocess
Execute       tidy_31 xilinx-directive2pragma C:/Users/Zak/Desktop/lenet5/VHDL_implementation/conv_1/solution1/.autopilot/db/lenet5.pp.0.c std=gnu89 -directive=C:/Users/Zak/Desktop/lenet5/VHDL_implementation/conv_1/solution1/.autopilot/db/all.directive.json 
INFO-FLOW: exec E:/Xiliix/Vivado/2019.2/win64/tools/clang-3.9-csynth/bin/tidy-3.1 -header-filter=.* -checks=-*,xilinx-directive2pragma -import-directive=C:/Users/Zak/Desktop/lenet5/VHDL_implementation/conv_1/solution1/.autopilot/db/all.directive.json -quiet -fix-errors C:/Users/Zak/Desktop/lenet5/VHDL_implementation/conv_1/solution1/.autopilot/db/lenet5.pp.0.c -- -std=gnu89 -fhls -ferror-limit=0
Execute       get_config_dataflow -strict_mode 
Execute       ap_eval exec -ignorestderr E:/Xiliix/Vivado/2019.2/win64/tools/clang-3.9-csynth/bin/xilinx-dataflow-lawyer -export-fixes=C:/Users/Zak/Desktop/lenet5/VHDL_implementation/conv_1/solution1/.autopilot/db/xilinx-dataflow-lawyer.lenet5.pp.0.c.diag.yml C:/Users/Zak/Desktop/lenet5/VHDL_implementation/conv_1/solution1/.autopilot/db/lenet5.pp.0.c -- -std=gnu99 -fhls -ferror-limit=0 -fstrict-dataflow > C:/Users/Zak/Desktop/lenet5/VHDL_implementation/conv_1/solution1/.autopilot/db/xilinx-dataflow-lawyer.lenet5.pp.0.c.out.log 2> C:/Users/Zak/Desktop/lenet5/VHDL_implementation/conv_1/solution1/.autopilot/db/xilinx-dataflow-lawyer.lenet5.pp.0.c.err.log 
Command       ap_eval done; 1.548 sec.
Execute       tidy_31 -errorcheck xilinx-constantarray-param,xilinx-resource-pragma-transformer,xilinx-xfmat-array-geometry C:/Users/Zak/Desktop/lenet5/VHDL_implementation/conv_1/solution1/.autopilot/db/lenet5.pp.0.c std=gnu89 
Execute         ap_eval exec -ignorestderr E:/Xiliix/Vivado/2019.2/win64/tools/clang-3.9-csynth/bin/tidy-3.1 -export-fixes=C:/Users/Zak/Desktop/lenet5/VHDL_implementation/conv_1/solution1/.autopilot/db/tidy-3.1.lenet5.pp.0.c.diag.yml -header-filter=.* -checks=-*,xilinx-constantarray-param,xilinx-resource-pragma-transformer,xilinx-xfmat-array-geometry -quiet -fix-errors C:/Users/Zak/Desktop/lenet5/VHDL_implementation/conv_1/solution1/.autopilot/db/lenet5.pp.0.c -- -std=gnu89 -fhls -ferror-limit=0 > C:/Users/Zak/Desktop/lenet5/VHDL_implementation/conv_1/solution1/.autopilot/db/tidy-3.1.lenet5.pp.0.c.out.log 2> C:/Users/Zak/Desktop/lenet5/VHDL_implementation/conv_1/solution1/.autopilot/db/tidy-3.1.lenet5.pp.0.c.err.log 
Command         ap_eval done; 0.376 sec.
Execute         source E:/Xiliix/Vivado/2019.2/tps/tcl/tcllib1.11.1/yaml/yaml.tcl 
Execute           source E:/Xiliix/Vivado/2019.2/tps/tcl/tcllib1.11.1/cmdline/cmdline.tcl 
Command         ap_source done; 0.232 sec.
Execute         ap_eval exec -ignorestderr E:/Xiliix/Vivado/2019.2/win64/tools/clang-3.9-csynth/bin/xilinx-legacy-rewriter C:/Users/Zak/Desktop/lenet5/VHDL_implementation/conv_1/solution1/.autopilot/db/lenet5.pp.0.c -- -std=gnu89 -fhls -ferror-limit=0 > C:/Users/Zak/Desktop/lenet5/VHDL_implementation/conv_1/solution1/.autopilot/db/xilinx-legacy-rewriter.lenet5.pp.0.c.out.log 2> C:/Users/Zak/Desktop/lenet5/VHDL_implementation/conv_1/solution1/.autopilot/db/xilinx-legacy-rewriter.lenet5.pp.0.c.err.log 
Command         ap_eval done; 1.056 sec.
Command       tidy_31 done; 1.783 sec.
INFO-FLOW: Done: tidy-3.1 CDT preprocess time: 3.5 seconds per iteration
INFO-FLOW: Pragma Handling...
Execute       tidy_31 xilinx-ssdm-intrinsics-arguments C:/Users/Zak/Desktop/lenet5/VHDL_implementation/conv_1/solution1/.autopilot/db/lenet5.pragma.1.c std=gnu89 
INFO-FLOW: exec E:/Xiliix/Vivado/2019.2/win64/tools/clang-3.9-csynth/bin/tidy-3.1 -header-filter=.* -checks=-*,xilinx-ssdm-intrinsics-arguments -quiet -fix-errors C:/Users/Zak/Desktop/lenet5/VHDL_implementation/conv_1/solution1/.autopilot/db/lenet5.pragma.1.c -- -std=gnu89 -fhls -ferror-limit=0
Command       tidy_31 done; 0.216 sec.
Execute       ap_part_info -name xc7z010-clg400-2 -data info 
INFO-FLOW: Processing labels
Execute       clang -src C:/Users/Zak/Desktop/lenet5/VHDL_implementation/conv_1/solution1/.autopilot/db/lenet5.pragma.2.c  -fno-limit-debug-info -gcc-toolchain E:/Xiliix/Vivado/2019.2/msys -hls -hls-analyze-label -hls-analyze-pragma -fno-exceptions  -D__llvm__  -w  "C:/Users/Zak/Desktop/lenet5/VHDL_implementation/conv_1/solution1/.autopilot/db/lenet5.pragma.2.c"    -fno-math-errno -c -emit-llvm -O0  -mllvm -disable-llvm-optzns -std=gnu89  -DAESL_SYN -D__SYNTHESIS__ -D__HLS_SYN__ -I "E:/Xiliix/Vivado/2019.2/common/technology/autopilot" -I "E:/Xiliix/Vivado/2019.2/common/technology/autopilot/ap_sysc" -include etc/autopilot_ssdm_op.h -D__DSP48E1__ -g -o "C:/Users/Zak/Desktop/lenet5/VHDL_implementation/conv_1/solution1/.autopilot/db/lenet5.bc" 
INFO-FLOW: exec E:/Xiliix/Vivado/2019.2/win64/tools/clang/bin/clang -fno-limit-debug-info -gcc-toolchain E:/Xiliix/Vivado/2019.2/msys -hls -hls-analyze-label -hls-analyze-pragma -fno-exceptions -D__llvm__ -w C:/Users/Zak/Desktop/lenet5/VHDL_implementation/conv_1/solution1/.autopilot/db/lenet5.pragma.2.c -fno-math-errno -c -emit-llvm -O0 -mllvm -disable-llvm-optzns -std=gnu89 -DAESL_SYN -D__SYNTHESIS__ -D__HLS_SYN__ -I E:/Xiliix/Vivado/2019.2/common/technology/autopilot -I E:/Xiliix/Vivado/2019.2/common/technology/autopilot/ap_sysc -include etc/autopilot_ssdm_op.h -D__DSP48E1__ -g -o C:/Users/Zak/Desktop/lenet5/VHDL_implementation/conv_1/solution1/.autopilot/db/lenet5.bc
Command       clang done; 1.666 sec.
INFO-FLOW: Linking Debug ...
Execute       llvm-ld C:/Users/Zak/Desktop/lenet5/VHDL_implementation/conv_1/solution1/.autopilot/db/lenet5.g.bc -hls-opt -except-internalize conv1_1 -LE:/Xiliix/Vivado/2019.2/win64/lib -lhlsm -lhlsmc++ -o C:/Users/Zak/Desktop/lenet5/VHDL_implementation/conv_1/solution1/.autopilot/db/a.g 
Command       llvm-ld done; 13.02 sec.
INFO: [HLS 200-111] Finished Linking Time (s): cpu = 00:00:03 ; elapsed = 00:00:30 . Memory (MB): peak = 185.859 ; gain = 95.785
INFO: [HLS 200-111] Finished Checking Pragmas Time (s): cpu = 00:00:03 ; elapsed = 00:00:30 . Memory (MB): peak = 185.859 ; gain = 95.785
Execute       get_config_sdx -target 
Execute       opt_and_import_c a -opt_level=2 -skip_syncheck=0 -ng=0 -keep_printf=0 
Execute         cleanup_all_models 
INFO: [HLS 200-10] Starting code transformations ...
Execute         transform -promote-dbg-pointer C:/Users/Zak/Desktop/lenet5/VHDL_implementation/conv_1/solution1/.autopilot/db/a.pp.bc -o C:/Users/Zak/Desktop/lenet5/VHDL_implementation/conv_1/solution1/.autopilot/db/a.pp.0.bc -f 
Command         transform done; 0.884 sec.
Execute         llvm-ld C:/Users/Zak/Desktop/lenet5/VHDL_implementation/conv_1/solution1/.autopilot/db/a.pp.0.bc -disable-opt -LE:/Xiliix/Vivado/2019.2/win64/lib -lfloatconversion -o C:/Users/Zak/Desktop/lenet5/VHDL_implementation/conv_1/solution1/.autopilot/db/a.g.0 
Command         llvm-ld done; 0.959 sec.
INFO-FLOW: Running Standard Transforms...
Execute         transform -hls -share-std-xform -demangle-name -inline-byval-memcpy -always-inline -promote-dbg-pointer -interface-preproc -mem2reg -scalarrepl -mem2reg -keep-read-access -instcombine -dce -promote-dbg-pointer -bitop-raise -loop-simplify -indvarspre -indvars -loop-simplify -xunroll -constprop -instcombine -simplifycfg -indvars -simplifycfg -dce -globaldce -basicaa -simplifycfg -mem2reg -globalopt -global-constprop -deadargelim -instcombine -simplifycfg -prune-eh -simplifycfg -scalarrepl -instcombine -reassociate -licm -simplifycfg -loop-simplify -indvars -instcombine -simplifycfg -mem2reg -loop-simplify -indvars -instcombine -gvn -gvn -instcombine -adce -break-crit-edges -simplifycfg -loop-delete -global-array-opt -dce -dse -adce -find-syn-modules -top conv1_1 -deadargelim -mem2reg -instcombine -dce -presyn-prepare -auto-rom-infer -interface-preproc -syn-check -check-rec-only -find-region -simplifycfg -func-extr -function-inline -globaldce -mem2reg -instcombine -dce -gvn -globaldce -adce -adse -constprop -instcombine -bit-constprop -instcombine -dce -simplifycfg -bitop-raise -simplifycfg -dce -loop-delete -reassociate -globalopt -global-privatize -mem2reg -dce -global-constprop -pointer-simplify -constprop -dce -func-inst -deadargelim -auto-shift-reg-idiom -promote-dbg-pointer -norm-name C:/Users/Zak/Desktop/lenet5/VHDL_implementation/conv_1/solution1/.autopilot/db/a.g.0.bc -o C:/Users/Zak/Desktop/lenet5/VHDL_implementation/conv_1/solution1/.autopilot/db/a.g.1.bc -f -phase std-opt 
Command         transform done; 0.381 sec.
INFO: [HLS 200-111] Finished Standard Transforms Time (s): cpu = 00:00:03 ; elapsed = 00:00:32 . Memory (MB): peak = 185.859 ; gain = 95.785
INFO: [HLS 200-10] Checking synthesizability ...
INFO-FLOW: Checking Synthesizability 1/2..
Execute         transform -hls -syn-check -check-rec-only -disaggr -scalarrepl -norm-name -dce -mem2reg -instcombine -function-uniquify -directive-preproc -mem2reg -dse -dce -auto-rom-infer -dce -pag -array-normalize -instcombine -dce -warn-fifo-pointer -array-seg-normalize -instcombine -dce -array-flatten -instcombine -dce -array-burst -dce -deadargelim -promote-global-argument -simplifycfg -mem2reg -globaldce -dce -deadargelim -dce -instcombine -function-inline -globaldce -dce -doublePtrSimplify -doublePtrElim -dce -doublePtrSimplify -promote-dbg-pointer -dce -scalarrepl -dse -adse -instcombine -ptrLegalization -simplifycfg -dce -instcombine -pointer-simplify -ptrArgReplace -dce -instcombine -resolve-double-ptr -disaggr -scalarrepl -norm-name -dce -mem2reg -instcombine -ptrLegalization -simplifycfg -deadargelim -instcombine -dce -inst-simplify -function-uniquify -directive-preproc -mem2reg -dse -dce -globaldce -check-dspbuiltin C:/Users/Zak/Desktop/lenet5/VHDL_implementation/conv_1/solution1/.autopilot/db/a.g.1.bc -o C:/Users/Zak/Desktop/lenet5/VHDL_implementation/conv_1/solution1/.autopilot/db/a.g.2.prechk.bc -f 
INFO: [XFORM 203-602] Inlining function 'relu_func' into 'conv1_1' (../C_implementation/lenet5.c:75) automatically.
Command         transform done; 0.35 sec.
INFO-FLOW: Checking Synthesizability 2/2..
Execute         transform -syn-check C:/Users/Zak/Desktop/lenet5/VHDL_implementation/conv_1/solution1/.autopilot/db/a.g.2.prechk.bc -o C:/Users/Zak/Desktop/lenet5/VHDL_implementation/conv_1/solution1/.autopilot/db/a.g.2.bc -f -phase syn-check 
INFO: [HLS 200-111] Finished Checking Synthesizability Time (s): cpu = 00:00:03 ; elapsed = 00:00:33 . Memory (MB): peak = 185.859 ; gain = 95.785
INFO-FLOW: Compiler optimizing ...
INFO-FLOW: Share syncheck's 1.bc for syn flow: copy C:/Users/Zak/Desktop/lenet5/VHDL_implementation/conv_1/solution1/.autopilot/db/a.g.1.bc to C:/Users/Zak/Desktop/lenet5/VHDL_implementation/conv_1/solution1/.autopilot/db/a.o.1.bc
INFO-FLOW: Presyn 1...
Execute         transform -hls -tmp C:/Users/Zak/Desktop/lenet5/VHDL_implementation/conv_1/solution1/.autopilot/db -interface-port-rename -type-info -function-uniquify -directive-preproc -mem2reg -dse -dce -disaggr -scalarrepl -norm-name -deadargelim -mem2reg -instcombine -dce -simplifycfg -auto-rom-infer -dce -function-uniquify -resource-proc -clib-intrinsic-prepare -dce -func-buffer -dce -pag -array-normalize -func-legal -instcombine -gvn -constprop -dce -simplifycfg -mem2reg -globaldce -resolve-double-ptr -dce -deadargelim -dce -instcombine -ptrArgReplace -mem2reg -dce -array-seg-normalize -deadargelim -instcombine -dce -pointer-simplify -dce -port-alignment -dce -interface-preproc -data-pack -instcombine -dce -basicaa -aggr-aa -aggrmodref-aa -aggr-aa -gvn -gvn -basicaa -aggr-aa -aggrmodref-aa -aggr-aa -dse -adse -adce -loop-simplify -indvars -instcombine -gvn -loop-simplify -mem2reg -dce -find-region -instcombine -auto-loop-pipeline -inst-simplify -interface-preproc -cfgopt -instcombine -indvars -auto-loop-unroll -loop-simplify -loop-bound -xunroll -constprop -instcombine -simplifycfg -indvars -simplifycfg -dce -globaldce -clean-region -attach-range -gvn -inst-simplify -constprop -simplifycfg -dce -pointer-simplify -dce -globalopt -constprop -dce -array-promote -constprop -dce -ptrArgReplace -mem2reg -simplifycfg -dce -auto-par -instcombine -dce -array-transform-check -array-reshape -instcombine -simplifycfg -dce -ptrArgReplace -deadargelim -mem2reg -instcombine -simplifycfg -dce -indvars -loop-simplify -loop-bound -xunroll -constprop -instcombine -simplifycfg -indvars -simplifycfg -dce -globaldce -basicaa -aggr-aa -aggrmodref-aa -aggr-aa -dse -duplicate-dataflow-processes -globaldce -instcombine -array-partition -instcombine -simplifycfg -dce -ptrArgReplace -global-constprop -deadargelim -mem2reg -func-legal -dce -global-constprop -deadargelim -mem2reg -simplifycfg -dce -merge-param -deadargelim -globalopt -constprop -dce -array-promote -constprop -dce -ptrArgReplace -mem2reg -simplifycfg -dce -mem-intrinsic-preproc -dce -global-internalize -global-privatize -mem2reg -globaldce -promote-global-argument -ptrArgReplace -mem2reg -dce -globalopt -mergereturn -simplify-global-access -mem2reg -dce -pointer-simplify -dce -functionattrs -basicaa -aggr-aa -aggrmodref-aa -aggr-aa -gvn -gvn -basicaa -aggr-aa -aggrmodref-aa -aggr-aa -dse -adse -adce -dce -norm-name -function-inline -complex-op-raise -inst-simplify -globaldce -func-inst -constprop -instcombine -simplifycfg -dce -func-legal -dce -loop-bound -arraycheck -bitwidthmin -on-by-dataflow -loop-delete -instcombine -simplifycfg -globaldce -dce -gvn -deadargelim -dce -loop-simplify -clean-region -simplifycfg -propagate-stable-arguments -loop-stream -instcombine -simplifycfg -dce -globaldce -duplicate-dataflow-processes -stream-intrinsic-preproc -dce -check-ap-stream -loop-simplify -eliminate-keepreads -extract-dataflow-in-loop -loop-simplify -dce -gvn -deadargelim -dse -check-dataflow-syntax -legalize-stream-variable -legalize-global -extract-subproc -dce -dead-channel-elimination -canonicalize-gep -globaldce -dce -gvn -deadargelim -annotate-dataflow-channels -scalar-propagation -deadargelim -globaldce -mem2reg -check-dataflow-channels -function-stream -dce -globaldce -prop-fifo-spec -internal-stream-gen -canonicalize-gep -globaldce -dce -gvn -deadargelim -mergereturn -indvars -loop-simplify -instcombine -array-stream -array-seg-normalize -array-partition -func-legal -instcombine -simplifycfg -dce -bundle-memfifo-ops -deadargelim -function-uniquify -directive-preproc -mem2reg -dse -dce -group-axi-access -licm -simplifycfg -dce -loop-delete -norm-name C:/Users/Zak/Desktop/lenet5/VHDL_implementation/conv_1/solution1/.autopilot/db/a.o.1.bc -o C:/Users/Zak/Desktop/lenet5/VHDL_implementation/conv_1/solution1/.autopilot/db/a.o.1.tmp.bc -f 
INFO: [XFORM 203-602] Inlining function 'relu_func' into 'conv1_1' (../C_implementation/lenet5.c:75) automatically.
Command         transform done; 0.849 sec.
INFO-FLOW: Presyn 2...
Execute         transform -hls -keep-callgraph -scalarrepl -mem2reg -port-alignment -attach-range -dce -pipe-mux-gen -indvars -loop-bound -inst-simplify -instcombine -dce -merge-array-access -mem2reg -dce -clean-region -mergereturn -if-conv -instcombine -dce -constprop -basicaa -aggr-aa -aggrmodref-aa -aggr-aa -gvn -gvn -basicaa -aggr-aa -aggrmodref-aa -aggr-aa -dse -adse -adce -scalarrepl -mem2reg -global-constprop -deadargelim -deadargelim -instcombine -dce -simplifycfg -ptrArgReplace -mem2reg -function-inline -globaldce -mem2reg -instcombine -dce -expr-balance -instcombine -dce -bitwidthmin -interface-preproc -directive-preproc -inst-rectify -instcombine -dce -functionattrs -constprop -instcombine -bit-constprop -simplify-global-access -globalopt -globaldce -inst-simplify -instcombine -elimdeaddata -dce -loop-delete -simplifycfg -loop-simplify -auto-burst -norm-name C:/Users/Zak/Desktop/lenet5/VHDL_implementation/conv_1/solution1/.autopilot/db/a.o.1.tmp.bc -o C:/Users/Zak/Desktop/lenet5/VHDL_implementation/conv_1/solution1/.autopilot/db/a.o.2.bc -f -phase presyn 
Command         transform done; 0.131 sec.
INFO: [HLS 200-111] Finished Pre-synthesis Time (s): cpu = 00:00:04 ; elapsed = 00:00:34 . Memory (MB): peak = 185.859 ; gain = 95.785
INFO-FLOW: Building ssdm...
Execute         transform -hls -function-uniquify -auto-function-inline -globaldce -ptrArgReplace -mem2reg -dce -reset-lda -loop-simplify -indvars -licm -loop-dep -loop-bound -licm -loop-simplify -flattenloopnest -array-flatten -gvn -instcombine -dce -array-map -dce -func-legal -gvn -adce -instcombine -cfgopt -simplifycfg -loop-simplify -array-burst -promote-global-argument -dce -ptrLegalization -axi4-lower -array-seg-normalize -basicaa -aggrmodref-aa -globalsmodref-aa -aggr-aa -gvn -gvn -basicaa -aggrmodref-aa -globalsmodref-aa -aggr-aa -dse -adse -adce -licm -inst-simplify -dce -globaldce -instcombine -array-stream -eliminate-keepreads -instcombine -dce -deadargelim -doublePtrSimplify -doublePtrElim -dce -doublePtrSimplify -promote-dbg-pointer -dce -scalarrepl -mem2reg -disaggr -norm-name -mem2reg -instcombine -dse -adse -adce -ptrLegalization -dce -auto-rom-infer -array-flatten -dce -instcombine -check-doubleptr -loop-rot -constprop -cfgopt -simplifycfg -loop-simplify -indvars -pointer-simplify -dce -loop-bound -loop-simplify -loop-preproc -constprop -global-constprop -gvn -mem2reg -instcombine -dce -loop-bound -loop-merge -dce -bitwidthmin -deadargelim -dce -canonicalize-dataflow -dce -scalar-propagation -deadargelim -globaldce -mem2reg -read-loop-dep -interface-preproc -directive-preproc -interface-gen -bram-byte-enable -deadargelim -inst-simplify -dce -gvn -mem2reg -instcombine -dce -adse -loop-bound -instcombine -cfgopt -simplifycfg -loop-simplify -clean-region -io-protocol -find-region -mem2reg -bitop-raise -complex-op-raise -inst-simplify -inst-rectify -instcombine -adce -deadargelim -loop-simplify -phi-opt -bitop-raise -cfgopt -simplifycfg -strip-dead-prototypes -interface-lower -bitop-lower -intrinsic-lower -auto-function-inline -basicaa -aggrmodref-aa -globalsmodref-aa -aggr-aa -inst-simplify -simplifycfg -loop-simplify -mergereturn -inst-simplify -inst-rectify -dce -load-elim -bitop-lower -loop-rewind -pointer-simplify -dce -cfgopt -dce -loop-bound -loop-dep -read-loop-dep -dce -check-stream -norm-name -legalize -validate-dataflow -inst-clarity -bitwidth -dump-loop-dep-to-ir -check-all-ssdm -cdfg-build C:/Users/Zak/Desktop/lenet5/VHDL_implementation/conv_1/solution1/.autopilot/db/a.o.2.bc -o C:/Users/Zak/Desktop/lenet5/VHDL_implementation/conv_1/solution1/.autopilot/db/a.o.3.bc -f -phase build-ssdm 
Command         transform done; 0.553 sec.
INFO: [HLS 200-111] Finished Architecture Synthesis Time (s): cpu = 00:00:04 ; elapsed = 00:00:34 . Memory (MB): peak = 185.859 ; gain = 95.785
INFO-FLOW: Finish building internal data model.
Command       opt_and_import_c done; 4.504 sec.
Command     elaborate done; 29.836 sec.
Execute     autosyn -from_csynth_design=1 
INFO: [HLS 200-10] Starting hardware synthesis ...
INFO-FLOW: Synthesizing C/C++ design ...
INFO: [HLS 200-10] Synthesizing 'conv1_1' ...
Execute       ap_set_top_model conv1_1 
Execute       get_model_list conv1_1 -filter all-wo-channel -topdown 
Execute       preproc_iomode -model conv1_1 
Execute       get_model_list conv1_1 -filter all-wo-channel 
INFO-FLOW: Model list for configure: conv1_1
INFO-FLOW: Configuring Module : conv1_1 ...
Execute       set_default_model conv1_1 
Execute       apply_spec_resource_limit conv1_1 
INFO-FLOW: Model list for preprocess: conv1_1
INFO-FLOW: Preprocessing Module: conv1_1 ...
Execute       set_default_model conv1_1 
Execute       cdfg_preprocess -model conv1_1 
Execute       rtl_gen_preprocess conv1_1 
WARNING: [SYN 201-107] Renaming port name 'conv1_1/input' to 'conv1_1/input_r' to avoid the conflict with HDL keywords or other object names.
WARNING: [SYN 201-107] Renaming port name 'conv1_1/output' to 'conv1_1/output_r' to avoid the conflict with HDL keywords or other object names.
INFO-FLOW: Model list for synthesis: conv1_1
INFO: [HLS 200-10] ----------------------------------------------------------------
INFO: [HLS 200-42] -- Implementing module 'conv1_1' 
INFO: [HLS 200-10] ----------------------------------------------------------------
Execute       set_default_model conv1_1 
Execute       schedule -model conv1_1 
INFO: [SCHED 204-11] Starting scheduling ...
INFO: [SCHED 204-11] Finished scheduling.
Command       schedule done; 0.506 sec.
INFO: [HLS 200-111]  Elapsed time: 35.073 seconds; current allocated memory: 102.413 MB.
Execute       syn_report -verbosereport -o C:/Users/Zak/Desktop/lenet5/VHDL_implementation/conv_1/solution1/.autopilot/db/conv1_1.verbose.sched.rpt 
Command       syn_report done; 0.12 sec.
Execute       db_write -o C:/Users/Zak/Desktop/lenet5/VHDL_implementation/conv_1/solution1/.autopilot/db/conv1_1.sched.adb -f 
Command       db_write done; 0.26 sec.
INFO-FLOW: Finish scheduling conv1_1.
Execute       set_default_model conv1_1 
Execute       bind -model conv1_1 
BIND OPTION: model=conv1_1
INFO: [BIND 205-100] Starting micro-architecture generation ...
INFO: [BIND 205-101] Performing variable lifetime analysis.
INFO: [BIND 205-101] Exploring resource sharing.
INFO: [BIND 205-101] Binding ...
INFO: [BIND 205-100] Finished micro-architecture generation.
Command       bind done; 0.255 sec.
INFO: [HLS 200-111]  Elapsed time: 0.714 seconds; current allocated memory: 102.673 MB.
Execute       syn_report -verbosereport -o C:/Users/Zak/Desktop/lenet5/VHDL_implementation/conv_1/solution1/.autopilot/db/conv1_1.verbose.bind.rpt 
Command       syn_report done; 0.112 sec.
Execute       db_write -o C:/Users/Zak/Desktop/lenet5/VHDL_implementation/conv_1/solution1/.autopilot/db/conv1_1.bind.adb -f 
INFO-FLOW: Finish binding conv1_1.
Execute       get_model_list conv1_1 -filter all-wo-channel 
INFO-FLOW: Preprocessing for RTLGen ...
Execute       rtl_gen_preprocess conv1_1 
INFO-FLOW: Model list for RTL generation: conv1_1
INFO: [HLS 200-10] ----------------------------------------------------------------
INFO: [HLS 200-10] -- Generating RTL for module 'conv1_1' 
INFO: [HLS 200-10] ----------------------------------------------------------------
Execute       get_config_rtl -module_prefix 
Execute       get_config_rtl -module_auto_prefix 
Execute       create_rtl_model conv1_1 -vendor xilinx -mg_file C:/Users/Zak/Desktop/lenet5/VHDL_implementation/conv_1/solution1/.autopilot/db/conv1_1.compgen.tcl 
INFO: [RTGEN 206-500] Setting interface mode on port 'conv1_1/input_r' to 'ap_memory'.
INFO: [RTGEN 206-500] Setting interface mode on port 'conv1_1/kernel' to 'ap_memory'.
INFO: [RTGEN 206-500] Setting interface mode on port 'conv1_1/output_r' to 'ap_memory'.
INFO: [RTGEN 206-500] Setting interface mode on function 'conv1_1' to 'ap_ctrl_hs'.
INFO: [RTGEN 206-100] Finished creating RTL model for 'conv1_1'.
Command       create_rtl_model done; 0.26 sec.
INFO: [HLS 200-111]  Elapsed time: 0.483 seconds; current allocated memory: 103.141 MB.
Execute       source C:/Users/Zak/Desktop/lenet5/VHDL_implementation/conv_1/solution1/.autopilot/db/conv1_1.rtl_wrap.cfg.tcl 
Execute       gen_rtl conv1_1 -istop -style xilinx -tracefl mytrace -tracefmt vcd -traceopt all -f -lang sc -o C:/Users/Zak/Desktop/lenet5/VHDL_implementation/conv_1/solution1/syn/systemc/conv1_1 -synmodules conv1_1 
Execute       gen_rtl conv1_1 -istop -style xilinx -f -lang vhdl -o C:/Users/Zak/Desktop/lenet5/VHDL_implementation/conv_1/solution1/syn/vhdl/conv1_1 
Execute       gen_rtl conv1_1 -istop -style xilinx -f -lang vlog -o C:/Users/Zak/Desktop/lenet5/VHDL_implementation/conv_1/solution1/syn/verilog/conv1_1 
Command       gen_rtl done; 0.185 sec.
Execute       syn_report -csynth -model conv1_1 -o C:/Users/Zak/Desktop/lenet5/VHDL_implementation/conv_1/solution1/syn/report/conv1_1_csynth.rpt 
Execute       syn_report -rtlxml -model conv1_1 -o C:/Users/Zak/Desktop/lenet5/VHDL_implementation/conv_1/solution1/syn/report/conv1_1_csynth.xml 
Command       syn_report done; 0.123 sec.
Execute       syn_report -verbosereport -model conv1_1 -o C:/Users/Zak/Desktop/lenet5/VHDL_implementation/conv_1/solution1/.autopilot/db/conv1_1.verbose.rpt 
Command       syn_report done; 0.128 sec.
Execute       db_write -model conv1_1 -f -o C:/Users/Zak/Desktop/lenet5/VHDL_implementation/conv_1/solution1/.autopilot/db/conv1_1.adb 
Execute       gen_tb_info conv1_1 -p C:/Users/Zak/Desktop/lenet5/VHDL_implementation/conv_1/solution1/.autopilot/db -o C:/Users/Zak/Desktop/lenet5/VHDL_implementation/conv_1/solution1/.autopilot/db/conv1_1 
Execute       export_constraint_db -f -tool general -o C:/Users/Zak/Desktop/lenet5/VHDL_implementation/conv_1/solution1/.autopilot/db/conv1_1.constraint.tcl 
Execute       syn_report -designview -model conv1_1 -o C:/Users/Zak/Desktop/lenet5/VHDL_implementation/conv_1/solution1/.autopilot/db/conv1_1.design.xml 
Execute       get_config_rtl -disable_wave_debug 
Execute       syn_report -wcfg -model conv1_1 -o C:/Users/Zak/Desktop/lenet5/VHDL_implementation/conv_1/solution1/.autopilot/db/conv1_1_dataflow_ana.wcfg 
Execute       syn_report -protoinst -model conv1_1 -o C:/Users/Zak/Desktop/lenet5/VHDL_implementation/conv_1/solution1/.autopilot/db/conv1_1.protoinst 
Execute       get_config_debug -directory 
Execute       sc_get_clocks conv1_1 
Execute       get_config_export -vivado_clock 
Execute       sc_get_portdomain conv1_1 
INFO-FLOW: Model list for RTL component generation: conv1_1
INFO-FLOW: Handling components in module [conv1_1] ... 
Execute       source C:/Users/Zak/Desktop/lenet5/VHDL_implementation/conv_1/solution1/.autopilot/db/conv1_1.compgen.tcl 
INFO-FLOW: Append model conv1_1
INFO-FLOW: Generating RTL model list ...
INFO-FLOW: All models in this session: conv1_1
INFO-FLOW: To file: write model conv1_1
INFO-FLOW: Finished generating RTL model list.


INFO-FLOW: RTL Generation done.
INFO-FLOW: CAS Generation done.
INFO-FLOW: CBC Generation done.
Execute       syn_report -model conv1_1 -printsummary 
INFO: [HLS 200-790] **** Loop Constraint Status: All loop constraints were satisfied.
INFO: [HLS 200-789] **** Estimated Fmax: 141.84 MHz
INFO-FLOW: DBG:CMD: auto_generate_csynth_design
INFO-FLOW: DBG:CMD:     auto_generate --sim-model -phase csynth_design -d C:/Users/Zak/Desktop/lenet5/VHDL_implementation/conv_1/solution1
Execute       source C:/Users/Zak/Desktop/lenet5/VHDL_implementation/conv_1/solution1/.autopilot/db/global.setting.tcl 
INFO-FLOW: DBG:CMD: read_platform_lib C:/Users/Zak/Desktop/lenet5/VHDL_implementation/conv_1/solution1/.autopilot/db/global.setting.tcl
Execute       source E:/Xiliix/Vivado/2019.2/common/technology/generic/autopilot/common.gen 
Execute         source E:/Xiliix/Vivado/2019.2/common/technology/generic/autopilot/APCoreGen.gen 
Command       ap_source done; 0.121 sec.
Execute       source E:/Xiliix/Vivado/2019.2/common/technology/generic/autopilot/op.gen 
Execute       source E:/Xiliix/Vivado/2019.2/common/technology/generic/autopilot/op_simcore.gen 
Execute       source E:/Xiliix/Vivado/2019.2/common/technology/generic/autopilot/interface.gen 
Execute       source C:/Users/Zak/Desktop/lenet5/VHDL_implementation/conv_1/solution1/.autopilot/db/global.setting.tcl 
Execute       source E:/Xiliix/Vivado/2019.2/common/technology/xilinx/zynq/zynq.gen 
Execute         source E:/Xiliix/Vivado/2019.2/common/technology/xilinx/common/xilinx.gen 
Execute           source E:/Xiliix/Vivado/2019.2/common/technology/xilinx/interface/plb46.gen 
Execute           source E:/Xiliix/Vivado/2019.2/common/technology/xilinx/interface/fsl.gen 
Execute           source E:/Xiliix/Vivado/2019.2/common/technology/xilinx/interface/axi4.gen 
Execute           source E:/Xiliix/Vivado/2019.2/common/technology/xilinx/interface/nativeAXI4.gen 
Execute             source E:/Xiliix/Vivado/2019.2/common/technology/xilinx/interface/saxilite.gen 
Execute             source E:/Xiliix/Vivado/2019.2/common/technology/xilinx/interface/maxi.gen 
Execute           source E:/Xiliix/Vivado/2019.2/common/technology/xilinx/scripts/xilinxcoregen.gen 
Execute           source E:/Xiliix/Vivado/2019.2/common/technology/xilinx/interface/XilEDKCoreGen.gen 
Execute           source E:/Xiliix/Vivado/2019.2/common/technology/xilinx/ip/dds_compiler.gen 
Execute           source E:/Xiliix/Vivado/2019.2/common/technology/xilinx/ip/util.gen 
Execute           source E:/Xiliix/Vivado/2019.2/common/technology/xilinx/ip/xfft.gen 
Command           ap_source done; 0.136 sec.
Execute           source E:/Xiliix/Vivado/2019.2/common/technology/xilinx/ip/xfir.gen 
Execute           source E:/Xiliix/Vivado/2019.2/common/technology/xilinx/common/dsp48.gen 
Command         ap_source done; 0.2 sec.
Command       ap_source done; 0.2 sec.
Execute       source E:/Xiliix/Vivado/2019.2/common/technology/xilinx/zynq/zynq_fpv6.gen 
Execute         source E:/Xiliix/Vivado/2019.2/common/technology/xilinx/common/xilinx_fp.gen 
INFO-FLOW: DBG:CMD:   using AESL_AUTOCG::g_clock_period=10.000 (was NA)
INFO-FLOW: DBG:CMD:       generate_ip_cores sim=1 export=0 expOnly=0 dstVlogDir=syn/verilog
Execute       source C:/Users/Zak/Desktop/lenet5/VHDL_implementation/conv_1/solution1/.autopilot/db/global.setting.tcl 
Execute       ap_part_info -name xc7z010-clg400-2 -data names -quiet 
Execute       ap_part_info -name xc7z010-clg400-2 -data info -quiet 
Execute       source C:/Users/Zak/Desktop/lenet5/VHDL_implementation/conv_1/solution1/.autopilot/db/global.setting.tcl 
Execute       source C:/Users/Zak/Desktop/lenet5/VHDL_implementation/conv_1/solution1/.autopilot/db/global.setting.tcl 
Execute       source C:/Users/Zak/Desktop/lenet5/VHDL_implementation/conv_1/solution1/.autopilot/db/conv1_1.compgen.tcl 
INFO-FLOW: DBG:CMD:     auto_generate -export -impltomg_flag -rtl both -tool Vivado -pcore_version 1.00.a -phase csynth_design -d C:/Users/Zak/Desktop/lenet5/VHDL_implementation/conv_1/solution1
Execute       source C:/Users/Zak/Desktop/lenet5/VHDL_implementation/conv_1/solution1/.autopilot/db/global.setting.tcl 
INFO-FLOW: DBG:CMD: read_platform_lib C:/Users/Zak/Desktop/lenet5/VHDL_implementation/conv_1/solution1/.autopilot/db/global.setting.tcl
Execute       source E:/Xiliix/Vivado/2019.2/common/technology/generic/autopilot/common.gen 
Execute         source E:/Xiliix/Vivado/2019.2/common/technology/generic/autopilot/APCoreGen.gen 
Execute       source E:/Xiliix/Vivado/2019.2/common/technology/generic/autopilot/op.gen 
Execute       source E:/Xiliix/Vivado/2019.2/common/technology/generic/autopilot/op_simcore.gen 
Execute       source E:/Xiliix/Vivado/2019.2/common/technology/generic/autopilot/interface.gen 
Execute       source C:/Users/Zak/Desktop/lenet5/VHDL_implementation/conv_1/solution1/.autopilot/db/global.setting.tcl 
Execute       source E:/Xiliix/Vivado/2019.2/common/technology/xilinx/zynq/zynq.gen 
Execute         source E:/Xiliix/Vivado/2019.2/common/technology/xilinx/common/xilinx.gen 
Execute           source E:/Xiliix/Vivado/2019.2/common/technology/xilinx/interface/plb46.gen 
Execute           source E:/Xiliix/Vivado/2019.2/common/technology/xilinx/interface/fsl.gen 
Execute           source E:/Xiliix/Vivado/2019.2/common/technology/xilinx/interface/axi4.gen 
Execute           source E:/Xiliix/Vivado/2019.2/common/technology/xilinx/interface/nativeAXI4.gen 
Execute             source E:/Xiliix/Vivado/2019.2/common/technology/xilinx/interface/saxilite.gen 
Execute             source E:/Xiliix/Vivado/2019.2/common/technology/xilinx/interface/maxi.gen 
Execute           source E:/Xiliix/Vivado/2019.2/common/technology/xilinx/scripts/xilinxcoregen.gen 
Execute           source E:/Xiliix/Vivado/2019.2/common/technology/xilinx/interface/XilEDKCoreGen.gen 
Execute           source E:/Xiliix/Vivado/2019.2/common/technology/xilinx/ip/dds_compiler.gen 
Execute           source E:/Xiliix/Vivado/2019.2/common/technology/xilinx/ip/util.gen 
Execute           source E:/Xiliix/Vivado/2019.2/common/technology/xilinx/ip/xfft.gen 
Command           ap_source done; 0.123 sec.
Execute           source E:/Xiliix/Vivado/2019.2/common/technology/xilinx/ip/xfir.gen 
Execute           source E:/Xiliix/Vivado/2019.2/common/technology/xilinx/common/dsp48.gen 
Command         ap_source done; 0.178 sec.
Command       ap_source done; 0.178 sec.
Execute       source E:/Xiliix/Vivado/2019.2/common/technology/xilinx/zynq/zynq_fpv6.gen 
Execute         source E:/Xiliix/Vivado/2019.2/common/technology/xilinx/common/xilinx_fp.gen 
INFO-FLOW: DBG:CMD:       initCTypeInfo top_module=conv1_1 xml_exists=0
Execute       source C:/Users/Zak/Desktop/lenet5/VHDL_implementation/conv_1/solution1/.autopilot/db/conv1_1.rtl_wrap.cfg.tcl 
Execute       source C:/Users/Zak/Desktop/lenet5/VHDL_implementation/conv_1/solution1/.autopilot/db/conv1_1.rtl_wrap.cfg.tcl 
Execute       source C:/Users/Zak/Desktop/lenet5/VHDL_implementation/conv_1/solution1/.autopilot/db/conv1_1.rtl_wrap.cfg.tcl 
Execute       source C:/Users/Zak/Desktop/lenet5/VHDL_implementation/conv_1/solution1/.autopilot/db/conv1_1.tbgen.tcl 
Execute       source C:/Users/Zak/Desktop/lenet5/VHDL_implementation/conv_1/solution1/.autopilot/db/conv1_1.tbgen.tcl 
INFO-FLOW: DBG:CMD:       export_impl_rtl
INFO-FLOW: DBG:CMD:       generate_ip_cores sim=0 export=0 expOnly=0 dstVlogDir=impl/.verilog
Execute       source C:/Users/Zak/Desktop/lenet5/VHDL_implementation/conv_1/solution1/.autopilot/db/global.setting.tcl 
Execute       source C:/Users/Zak/Desktop/lenet5/VHDL_implementation/conv_1/solution1/.autopilot/db/conv1_1.compgen.tcl 
INFO-FLOW: DBG:CMD:       generate_ip_cores sim=0 export=1 expOnly=1 dstVlogDir=impl/.pcores/verilog
Execute       source C:/Users/Zak/Desktop/lenet5/VHDL_implementation/conv_1/solution1/.autopilot/db/global.setting.tcl 
Execute       source C:/Users/Zak/Desktop/lenet5/VHDL_implementation/conv_1/solution1/.autopilot/db/conv1_1.compgen.tcl 
Execute         ap_part_info -name xc7z010-clg400-2 -data names -quiet 
Execute         ap_part_info -name xc7z010-clg400-2 -data info -quiet 
Execute         ap_part_info -name xc7z010-clg400-2 -data names -quiet 
Execute         ap_part_info -name xc7z010-clg400-2 -data info -quiet 
Execute         source C:/Users/Zak/Desktop/lenet5/VHDL_implementation/conv_1/solution1/.autopilot/db/conv1_1.tbgen.tcl 
Execute         source C:/Users/Zak/Desktop/lenet5/VHDL_implementation/conv_1/solution1/.autopilot/db/conv1_1.tbgen.tcl 
Execute         source C:/Users/Zak/Desktop/lenet5/VHDL_implementation/conv_1/solution1/.autopilot/db/conv1_1.tbgen.tcl 
Execute         ap_part_info -name xc7z010-clg400-2 -data names -quiet 
Execute         ap_part_info -name xc7z010-clg400-2 -data info -quiet 
Execute         ap_part_info -name xc7z010-clg400-2 -data names -quiet 
Execute         ap_part_info -name xc7z010-clg400-2 -data info -quiet 
Execute         ap_part_info -name xc7z010-clg400-2 -data names -quiet 
Execute         ap_part_info -name xc7z010-clg400-2 -data info -quiet 
Execute         ap_part_info -name xc7z010-clg400-2 -data names -quiet 
Execute         ap_part_info -name xc7z010-clg400-2 -data info -quiet 
Execute         ap_part_info -name xc7z010-clg400-2 -data names -quiet 
Execute         ap_part_info -name xc7z010-clg400-2 -data info -quiet 
Command       ap_source done; 0.472 sec.
Execute       ap_part_info -name xc7z010-clg400-2 -data names -quiet 
Execute       ap_part_info -name xc7z010-clg400-2 -data info -quiet 
INFO-FLOW: DBG:CMD:       generate_ip_cores sim=0 export=0 expOnly=0 dstVlogDir=impl/.pcores/verilog_sim
Execute       source C:/Users/Zak/Desktop/lenet5/VHDL_implementation/conv_1/solution1/.autopilot/db/global.setting.tcl 
Execute       source C:/Users/Zak/Desktop/lenet5/VHDL_implementation/conv_1/solution1/.autopilot/db/conv1_1.compgen.tcl 
Execute       ap_part_info -name xc7z010-clg400-2 -data names -quiet 
Execute       ap_part_info -name xc7z010-clg400-2 -data info -quiet 
Execute       ap_part_info -name xc7z010-clg400-2 -data names -quiet 
Execute       ap_part_info -name xc7z010-clg400-2 -data info -quiet 
Execute       source C:/Users/Zak/Desktop/lenet5/VHDL_implementation/conv_1/solution1/.autopilot/db/global.setting.tcl 
Execute       ap_part_info -name xc7z010-clg400-2 -data names -quiet 
Execute       ap_part_info -name xc7z010-clg400-2 -data info -quiet 
Execute       source C:/Users/Zak/Desktop/lenet5/VHDL_implementation/conv_1/solution1/.autopilot/db/conv1_1.constraint.tcl 
Execute       source C:/Users/Zak/Desktop/lenet5/VHDL_implementation/conv_1/solution1/.autopilot/db/conv1_1.tbgen.tcl 
INFO-FLOW: DBG:CMD:       hasPcoreIpAdapter=false #gSsdmPorts=8
INFO-FLOW: DBG:CMD: Skipping loadAnalyze_DB, #g_database=3
INFO-FLOW: DBG:CMD:       generate_json is_phase_csynth=1 g_has_adaptors=false generate_bd_files=0 #modelList=1 #gSsdmPorts=8
Execute       source E:/Xiliix/Vivado/2019.2/tps/tcl/tcllib1.11.1/fileutil/fileutil.tcl 
Execute       source C:/Users/Zak/Desktop/lenet5/VHDL_implementation/conv_1/solution1/.autopilot/db/global.setting.tcl 
Execute       source C:/Users/Zak/Desktop/lenet5/VHDL_implementation/conv_1/solution1/.autopilot/db/global.setting.tcl 
Execute       get_config_export -xo 
Execute       source C:/Users/Zak/Desktop/lenet5/VHDL_implementation/conv_1/solution1/.autopilot/db/conv1_1.tbgen.tcl 
Execute       source C:/Users/Zak/Desktop/lenet5/VHDL_implementation/conv_1/solution1/.autopilot/db/conv1_1.tbgen.tcl 
Execute       source C:/Users/Zak/Desktop/lenet5/VHDL_implementation/conv_1/solution1/.autopilot/db/conv1_1.tbgen.tcl 
Execute       source C:/Users/Zak/Desktop/lenet5/VHDL_implementation/conv_1/solution1/.autopilot/db/global.setting.tcl 
Execute       get_config_sdx -target 
Execute       source C:/Users/Zak/Desktop/lenet5/VHDL_implementation/conv_1/solution1/.autopilot/db/conv1_1.rtl_wrap.cfg.tcl 
Execute       source C:/Users/Zak/Desktop/lenet5/VHDL_implementation/conv_1/solution1/.autopilot/db/conv1_1.compgen.dataonly.tcl 
Execute       source C:/Users/Zak/Desktop/lenet5/VHDL_implementation/conv_1/solution1/.autopilot/db/global.setting.tcl 
Execute       ap_part_info -name xc7z010-clg400-2 -data names -quiet 
Execute       ap_part_info -name xc7z010-clg400-2 -data info -quiet 
Execute       source C:/Users/Zak/Desktop/lenet5/VHDL_implementation/conv_1/solution1/.autopilot/db/conv1_1.constraint.tcl 
Execute       sc_get_clocks conv1_1 
Execute       ap_part_info -name xc7z010-clg400-2 -data names -quiet 
Execute       ap_part_info -name xc7z010-clg400-2 -data info -quiet 
Execute       source C:/Users/Zak/Desktop/lenet5/VHDL_implementation/conv_1/solution1/.autopilot/db/global.setting.tcl 
Execute       get_config_debug -directory 
Execute       source C:/Users/Zak/Desktop/lenet5/VHDL_implementation/conv_1/solution1/.autopilot/db/conv1_1.tbgen.tcl 
Execute       get_config_sdx -target 
Execute       get_config_sdx -profile 
Execute       get_config_rtl -kernel_profile 
Execute       get_config_rtl -stall_sig_gen 
Execute       get_config_rtl -profile 
INFO-FLOW: DBG:CMD: add_json_sdx_info kernel file does not exist, skipping opencl info: C:/Users/Zak/Desktop/lenet5/VHDL_implementation/conv_1/solution1/.autopilot/db/kernel.internal.xml
INFO-FLOW: DBG:CMD:       delete-temp-dirs (skipped for debug)
INFO: [HLS 200-111] Finished generating all RTL models Time (s): cpu = 00:00:06 ; elapsed = 00:00:40 . Memory (MB): peak = 185.859 ; gain = 95.785
INFO: [VHDL 208-304] Generating VHDL RTL for conv1_1.
INFO: [VLOG 209-307] Generating Verilog RTL for conv1_1.
Command     autosyn done; 5.781 sec.
Command   csynth_design done; 35.64 sec.
Command ap_source done; 39.21 sec.
Execute cleanup_all 
