INFO: [SIM 2] *************** CSIM start ***************
INFO: [SIM 4] CSIM will launch GCC as the compiler.
   Compiling(apcc) ../../../../../C_implementation/prog.c in debug mode
INFO: [HLS 200-10] Running 'E:/Xiliix/Vivado/2019.2/bin/unwrapped/win64.o/apcc.exe'
INFO: [HLS 200-10] For user 'Zak' on host 'desktop-5c7nouo' (Windows NT_amd64 version 6.2) on Tue Jun 09 14:11:16 +0200 2020
INFO: [HLS 200-10] In directory 'C:/Users/Zak/Desktop/lenet5/VHDL_implementation/conv_1/solution1/csim/build'
INFO: [APCC 202-3] Tmp directory is apcc_db
INFO: [APCC 202-1] APCC is done.
   Compiling(apcc) ../../../../../C_implementation/lenet5.c in debug mode
INFO: [HLS 200-10] Running 'E:/Xiliix/Vivado/2019.2/bin/unwrapped/win64.o/apcc.exe'
INFO: [HLS 200-10] For user 'Zak' on host 'desktop-5c7nouo' (Windows NT_amd64 version 6.2) on Tue Jun 09 14:11:36 +0200 2020
INFO: [HLS 200-10] In directory 'C:/Users/Zak/Desktop/lenet5/VHDL_implementation/conv_1/solution1/csim/build'
INFO: [APCC 202-3] Tmp directory is apcc_db
INFO: [APCC 202-1] APCC is done.
   Generating csim.exe
Input image : 
{ 
 { 0, 1, 1, 1, 0, 0, 0, 0, 0, 1, 1, 1, 0, 0, 0, 0, 0, 1, 1, 1, 0, 0, 0, 0, 0, 1, 1, 1, 0, 0, 0, 0 }, 
 { 0, 0, 1, 1, 1, 0, 0, 0, 0, 0, 1, 1, 1, 0, 0, 0, 0, 0, 1, 1, 1, 0, 0, 0, 0, 0, 1, 1, 1, 0, 0, 0 }, 
 { 0, 0, 0, 1, 1, 1, 0, 0, 0, 0, 0, 1, 1, 1, 0, 0, 0, 0, 0, 1, 1, 1, 0, 0, 0, 0, 0, 1, 1, 1, 0, 0 }, 
 { 0, 0, 0, 1, 1, 0, 0, 0, 0, 0, 0, 1, 1, 1, 0, 0, 0, 0, 0, 1, 1, 1, 0, 0, 0, 0, 0, 1, 1, 1, 0, 0 }, 
 { 0, 0, 1, 1, 0, 0, 0, 0, 0, 0, 0, 1, 1, 1, 0, 0, 0, 0, 0, 1, 1, 1, 0, 0, 0, 0, 0, 1, 1, 1, 0, 0 }, 
 { 0, 1, 1, 0, 0, 0, 0, 0, 0, 1, 1, 0, 0, 0, 0, 0, 0, 1, 1, 0, 0, 0, 0, 0, 0, 1, 1, 0, 0, 0, 0, 0 }, 
 { 1, 1, 0, 0, 0, 0, 0, 0, 1, 1, 0, 0, 0, 0, 0, 0, 1, 1, 0, 0, 0, 0, 0, 0, 1, 1, 0, 0, 0, 0, 0, 0 }, 
 { 1, 1, 0, 0, 0, 0, 0, 0, 1, 1, 0, 0, 0, 0, 0, 0, 1, 1, 0, 0, 0, 0, 0, 0, 1, 1, 0, 0, 0, 0, 0, 0 }, 
 { 0, 1, 1, 1, 0, 0, 0, 0, 0, 1, 1, 1, 0, 0, 0, 0, 0, 1, 1, 1, 0, 0, 0, 0, 0, 1, 1, 1, 0, 0, 0, 0 }, 
 { 0, 0, 1, 1, 1, 0, 0, 0, 0, 0, 1, 1, 1, 0, 0, 0, 0, 0, 1, 1, 1, 0, 0, 0, 0, 0, 1, 1, 1, 0, 0, 0 }, 
 { 0, 0, 0, 1, 1, 1, 0, 0, 0, 0, 0, 1, 1, 1, 0, 0, 0, 0, 0, 1, 1, 1, 0, 0, 0, 0, 0, 1, 1, 1, 0, 0 }, 
 { 0, 0, 0, 1, 1, 0, 0, 0, 0, 0, 0, 1, 1, 1, 0, 0, 0, 0, 0, 1, 1, 1, 0, 0, 0, 0, 0, 1, 1, 1, 0, 0 }, 
 { 0, 0, 1, 1, 0, 0, 0, 0, 0, 0, 0, 1, 1, 1, 0, 0, 0, 0, 0, 1, 1, 1, 0, 0, 0, 0, 0, 1, 1, 1, 0, 0 }, 
 { 0, 1, 1, 0, 0, 0, 0, 0, 0, 1, 1, 0, 0, 0, 0, 0, 0, 1, 1, 0, 0, 0, 0, 0, 0, 1, 1, 0, 0, 0, 0, 0 }, 
 { 1, 1, 0, 0, 0, 0, 0, 0, 1, 1, 0, 0, 0, 0, 0, 0, 1, 1, 0, 0, 0, 0, 0, 0, 1, 1, 0, 0, 0, 0, 0, 0 }, 
 { 1, 1, 0, 0, 0, 0, 0, 0, 1, 1, 0, 0, 0, 0, 0, 0, 1, 1, 0, 0, 0, 0, 0, 0, 1, 1, 0, 0, 0, 0, 0, 0 }, 
 { 0, 1, 1, 1, 0, 0, 0, 0, 0, 1, 1, 1, 0, 0, 0, 0, 0, 1, 1, 1, 0, 0, 0, 0, 0, 1, 1, 1, 0, 0, 0, 0 }, 
 { 0, 0, 1, 1, 1, 0, 0, 0, 0, 0, 1, 1, 1, 0, 0, 0, 0, 0, 1, 1, 1, 0, 0, 0, 0, 0, 1, 1, 1, 0, 0, 0 }, 
 { 0, 0, 0, 1, 1, 1, 0, 0, 0, 0, 0, 1, 1, 1, 0, 0, 0, 0, 0, 1, 1, 1, 0, 0, 0, 0, 0, 1, 1, 1, 0, 0 }, 
 { 0, 0, 0, 1, 1, 0, 0, 0, 0, 0, 0, 1, 1, 1, 0, 0, 0, 0, 0, 1, 1, 1, 0, 0, 0, 0, 0, 1, 1, 1, 0, 0 }, 
 { 0, 0, 1, 1, 0, 0, 0, 0, 0, 0, 0, 1, 1, 1, 0, 0, 0, 0, 0, 1, 1, 1, 0, 0, 0, 0, 0, 1, 1, 1, 0, 0 }, 
 { 0, 1, 1, 0, 0, 0, 0, 0, 0, 1, 1, 0, 0, 0, 0, 0, 0, 1, 1, 0, 0, 0, 0, 0, 0, 1, 1, 0, 0, 0, 0, 0 }, 
 { 1, 1, 0, 0, 0, 0, 0, 0, 1, 1, 0, 0, 0, 0, 0, 0, 1, 1, 0, 0, 0, 0, 0, 0, 1, 1, 0, 0, 0, 0, 0, 0 }, 
 { 1, 1, 0, 0, 0, 0, 0, 0, 1, 1, 0, 0, 0, 0, 0, 0, 1, 1, 0, 0, 0, 0, 0, 0, 1, 1, 0, 0, 0, 0, 0, 0 }, 
 { 0, 1, 1, 1, 0, 0, 0, 0, 0, 1, 1, 1, 0, 0, 0, 0, 0, 1, 1, 1, 0, 0, 0, 0, 0, 1, 1, 1, 0, 0, 0, 0 }, 
 { 0, 0, 1, 1, 1, 0, 0, 0, 0, 0, 1, 1, 1, 0, 0, 0, 0, 0, 1, 1, 1, 0, 0, 0, 0, 0, 1, 1, 1, 0, 0, 0 }, 
 { 0, 0, 0, 1, 1, 1, 0, 0, 0, 1, 0, 1, 1, 1, 0, 0, 0, 0, 0, 1, 1, 1, 0, 0, 0, 0, 0, 1, 1, 1, 0, 0 }, 
 { 0, 0, 0, 1, 1, 0, 0, 0, 1, 0, 0, 1, 1, 1, 0, 0, 0, 0, 0, 1, 1, 1, 0, 0, 0, 0, 0, 1, 1, 1, 0, 0 }, 
 { 0, 0, 1, 1, 0, 0, 0, 1, 0, 0, 0, 1, 1, 1, 0, 0, 0, 0, 0, 1, 1, 1, 0, 0, 0, 0, 0, 1, 1, 1, 0, 0 }, 
 { 0, 1, 1, 0, 0, 0, 1, 0, 0, 1, 1, 0, 0, 0, 0, 0, 0, 1, 1, 0, 0, 0, 0, 0, 0, 1, 1, 0, 0, 0, 0, 0 }, 
 { 1, 1, 0, 0, 0, 0, 0, 0, 1, 1, 0, 0, 0, 0, 0, 0, 1, 1, 0, 0, 0, 0, 0, 0, 1, 1, 0, 0, 0, 0, 0, 0 }, 
 { 1, 1, 0, 0, 0, 0, 0, 0, 1, 1, 0, 0, 0, 0, 0, 0, 1, 1, 0, 0, 0, 0, 0, 0, 1, 1, 0, 0, 0, 0, 0, 0 } 
}

Output conv1 ====> : 
{ 
 { 
  { 8, 7, 4, 4, 1, 1, 2, 6, 8, 10, 6, 5, 1, 1, 2, 6, 8, 10, 6, 5, 1, 1, 2, 6, 8, 10, 6, 5 }, 
  { 6, 5, 4, 3, 3, 1, 2, 6, 7, 7, 5, 4, 3, 2, 2, 6, 7, 7, 5, 4, 3, 2, 2, 6, 7, 7, 5, 4 }, 
  { 4, 3, 4, 4, 2, 4, 3, 3, 4, 6, 5, 5, 4, 5, 3, 3, 4, 6, 5, 5, 4, 5, 3, 3, 4, 6, 5, 5 }, 
  { 2, 4, 3, 1, 3, 4, 4, 4, 3, 4, 4, 3, 4, 5, 4, 4, 3, 4, 4, 3, 4, 5, 4, 4, 3, 4, 4, 3 }, 
  { 6, 4, 1, 1, 2, 5, 5, 4, 5, 5, 2, 2, 3, 6, 5, 4, 5, 5, 2, 2, 3, 6, 5, 4, 5, 5, 2, 2 }, 
  { 6, 4, 2, 0, 2, 4, 5, 7, 6, 4, 2, 0, 2, 4, 5, 7, 6, 4, 2, 0, 2, 4, 5, 7, 6, 4, 2, 0 }, 
  { 7, 6, 3, 2, 1, 3, 5, 7, 7, 6, 3, 2, 1, 3, 5, 7, 7, 6, 3, 2, 1, 3, 5, 7, 7, 6, 3, 2 }, 
  { 8, 7, 4, 1, 1, 2, 4, 6, 8, 8, 5, 2, 1, 2, 4, 6, 8, 8, 5, 2, 1, 2, 4, 6, 8, 8, 5, 2 }, 
  { 8, 7, 4, 4, 1, 1, 2, 6, 8, 10, 6, 5, 1, 1, 2, 6, 8, 10, 6, 5, 1, 1, 2, 6, 8, 10, 6, 5 }, 
  { 6, 5, 4, 3, 3, 1, 2, 6, 7, 7, 5, 4, 3, 2, 2, 6, 7, 7, 5, 4, 3, 2, 2, 6, 7, 7, 5, 4 }, 
  { 4, 3, 4, 4, 2, 4, 3, 3, 4, 6, 5, 5, 4, 5, 3, 3, 4, 6, 5, 5, 4, 5, 3, 3, 4, 6, 5, 5 }, 
  { 2, 4, 3, 1, 3, 4, 4, 4, 3, 4, 4, 3, 4, 5, 4, 4, 3, 4, 4, 3, 4, 5, 4, 4, 3, 4, 4, 3 }, 
  { 6, 4, 1, 1, 2, 5, 5, 4, 5, 5, 2, 2, 3, 6, 5, 4, 5, 5, 2, 2, 3, 6, 5, 4, 5, 5, 2, 2 }, 
  { 6, 4, 2, 0, 2, 4, 5, 7, 6, 4, 2, 0, 2, 4, 5, 7, 6, 4, 2, 0, 2, 4, 5, 7, 6, 4, 2, 0 }, 
  { 7, 6, 3, 2, 1, 3, 5, 7, 7, 6, 3, 2, 1, 3, 5, 7, 7, 6, 3, 2, 1, 3, 5, 7, 7, 6, 3, 2 }, 
  { 8, 7, 4, 1, 1, 2, 4, 6, 8, 8, 5, 2, 1, 2, 4, 6, 8, 8, 5, 2, 1, 2, 4, 6, 8, 8, 5, 2 }, 
  { 8, 7, 4, 4, 1, 1, 2, 6, 8, 10, 6, 5, 1, 1, 2, 6, 8, 10, 6, 5, 1, 1, 2, 6, 8, 10, 6, 5 }, 
  { 6, 5, 4, 3, 3, 1, 2, 6, 7, 7, 5, 4, 3, 2, 2, 6, 7, 7, 5, 4, 3, 2, 2, 6, 7, 7, 5, 4 }, 
  { 4, 3, 4, 4, 2, 4, 3, 3, 4, 6, 5, 5, 4, 5, 3, 3, 4, 6, 5, 5, 4, 5, 3, 3, 4, 6, 5, 5 }, 
  { 2, 4, 3, 1, 3, 4, 4, 4, 3, 4, 4, 3, 4, 5, 4, 4, 3, 4, 4, 3, 4, 5, 4, 4, 3, 4, 4, 3 }, 
  { 6, 4, 1, 1, 2, 5, 5, 4, 5, 5, 2, 2, 3, 6, 5, 4, 5, 5, 2, 2, 3, 6, 5, 4, 5, 5, 2, 2 }, 
  { 6, 4, 2, 0, 2, 4, 5, 7, 6, 4, 2, 0, 2, 4, 5, 7, 6, 4, 2, 0, 2, 4, 5, 7, 6, 4, 2, 0 }, 
  { 7, 6, 3, 2, 1, 4, 6, 8, 7, 6, 3, 2, 1, 3, 5, 7, 7, 6, 3, 2, 1, 3, 5, 7, 7, 6, 3, 2 }, 
  { 8, 7, 4, 1, 2, 4, 5, 6, 8, 8, 5, 2, 1, 2, 4, 6, 8, 8, 5, 2, 1, 2, 4, 6, 8, 8, 5, 2 }, 
  { 8, 7, 4, 5, 3, 3, 3, 7, 8, 11, 6, 5, 1, 1, 2, 6, 8, 10, 6, 5, 1, 1, 2, 6, 8, 10, 6, 5 }, 
  { 6, 5, 5, 5, 5, 3, 3, 6, 9, 7, 5, 4, 3, 2, 2, 6, 7, 7, 5, 4, 3, 2, 2, 6, 7, 7, 5, 4 }, 
  { 4, 3, 5, 5, 4, 5, 4, 6, 4, 7, 5, 5, 4, 5, 3, 3, 4, 6, 5, 5, 4, 5, 3, 3, 4, 6, 5, 5 }, 
  { 2, 4, 4, 3, 4, 5, 7, 4, 4, 4, 4, 3, 4, 5, 4, 4, 3, 4, 4, 3, 4, 5, 4, 4, 3, 4, 4, 3 } 
 }, 
 { 
  { 7, 5, 5, 4, 1, 2, 2, 5, 7, 8, 6, 5, 3, 3, 2, 5, 7, 8, 6, 5, 3, 3, 2, 5, 7, 8, 6, 5 }, 
  { 5, 6, 4, 2, 1, 1, 3, 6, 6, 7, 5, 4, 2, 2, 3, 6, 6, 7, 5, 4, 2, 2, 3, 6, 6, 7, 5, 4 }, 
  { 6, 5, 2, 1, 1, 3, 3, 4, 6, 8, 3, 3, 2, 4, 3, 4, 6, 8, 3, 3, 2, 4, 3, 4, 6, 8, 3, 3 }, 
  { 5, 3, 1, 0, 2, 4, 4, 6, 5, 5, 2, 1, 2, 4, 4, 6, 5, 5, 2, 1, 2, 4, 4, 6, 5, 5, 2, 1 }, 
  { 5, 3, 1, 1, 2, 5, 5, 7, 6, 4, 1, 1, 2, 5, 5, 7, 6, 4, 1, 1, 2, 5, 5, 7, 6, 4, 1, 1 }, 
  { 5, 4, 3, 1, 3, 5, 6, 5, 5, 4, 3, 1, 3, 5, 6, 5, 5, 4, 3, 1, 3, 5, 6, 5, 5, 4, 3, 1 }, 
  { 5, 6, 4, 4, 3, 4, 4, 6, 5, 6, 4, 4, 3, 4, 4, 6, 5, 6, 4, 4, 3, 4, 4, 6, 5, 6, 4, 4 }, 
  { 7, 6, 4, 3, 4, 2, 2, 6, 7, 7, 5, 4, 4, 3, 2, 6, 7, 7, 5, 4, 4, 3, 2, 6, 7, 7, 5, 4 }, 
  { 7, 5, 5, 4, 1, 2, 2, 5, 7, 8, 6, 5, 3, 3, 2, 5, 7, 8, 6, 5, 3, 3, 2, 5, 7, 8, 6, 5 }, 
  { 5, 6, 4, 2, 1, 1, 3, 6, 6, 7, 5, 4, 2, 2, 3, 6, 6, 7, 5, 4, 2, 2, 3, 6, 6, 7, 5, 4 }, 
  { 6, 5, 2, 1, 1, 3, 3, 4, 6, 8, 3, 3, 2, 4, 3, 4, 6, 8, 3, 3, 2, 4, 3, 4, 6, 8, 3, 3 }, 
  { 5, 3, 1, 0, 2, 4, 4, 6, 5, 5, 2, 1, 2, 4, 4, 6, 5, 5, 2, 1, 2, 4, 4, 6, 5, 5, 2, 1 }, 
  { 5, 3, 1, 1, 2, 5, 5, 7, 6, 4, 1, 1, 2, 5, 5, 7, 6, 4, 1, 1, 2, 5, 5, 7, 6, 4, 1, 1 }, 
  { 5, 4, 3, 1, 3, 5, 6, 5, 5, 4, 3, 1, 3, 5, 6, 5, 5, 4, 3, 1, 3, 5, 6, 5, 5, 4, 3, 1 }, 
  { 5, 6, 4, 4, 3, 4, 4, 6, 5, 6, 4, 4, 3, 4, 4, 6, 5, 6, 4, 4, 3, 4, 4, 6, 5, 6, 4, 4 }, 
  { 7, 6, 4, 3, 4, 2, 2, 6, 7, 7, 5, 4, 4, 3, 2, 6, 7, 7, 5, 4, 4, 3, 2, 6, 7, 7, 5, 4 }, 
  { 7, 5, 5, 4, 1, 2, 2, 5, 7, 8, 6, 5, 3, 3, 2, 5, 7, 8, 6, 5, 3, 3, 2, 5, 7, 8, 6, 5 }, 
  { 5, 6, 4, 2, 1, 1, 3, 6, 6, 7, 5, 4, 2, 2, 3, 6, 6, 7, 5, 4, 2, 2, 3, 6, 6, 7, 5, 4 }, 
  { 6, 5, 2, 1, 1, 3, 3, 4, 6, 8, 3, 3, 2, 4, 3, 4, 6, 8, 3, 3, 2, 4, 3, 4, 6, 8, 3, 3 }, 
  { 5, 3, 1, 0, 2, 4, 4, 6, 5, 5, 2, 1, 2, 4, 4, 6, 5, 5, 2, 1, 2, 4, 4, 6, 5, 5, 2, 1 }, 
  { 5, 3, 1, 1, 2, 5, 5, 7, 6, 4, 1, 1, 2, 5, 5, 7, 6, 4, 1, 1, 2, 5, 5, 7, 6, 4, 1, 1 }, 
  { 5, 4, 3, 1, 3, 5, 6, 5, 5, 4, 3, 1, 3, 5, 6, 5, 5, 4, 3, 1, 3, 5, 6, 5, 5, 4, 3, 1 }, 
  { 5, 6, 4, 4, 3, 5, 5, 7, 5, 7, 4, 4, 3, 4, 4, 6, 5, 6, 4, 4, 3, 4, 4, 6, 5, 6, 4, 4 }, 
  { 7, 6, 4, 3, 5, 4, 3, 6, 9, 7, 5, 4, 4, 3, 2, 6, 7, 7, 5, 4, 4, 3, 2, 6, 7, 7, 5, 4 }, 
  { 7, 5, 5, 5, 3, 4, 3, 8, 7, 9, 6, 5, 3, 3, 2, 5, 7, 8, 6, 5, 3, 3, 2, 5, 7, 8, 6, 5 }, 
  { 5, 6, 5, 4, 3, 3, 6, 7, 7, 7, 5, 4, 2, 2, 3, 6, 6, 7, 5, 4, 2, 2, 3, 6, 6, 7, 5, 4 }, 
  { 6, 5, 3, 2, 3, 6, 4, 5, 6, 8, 3, 3, 2, 4, 3, 4, 6, 8, 3, 3, 2, 4, 3, 4, 6, 8, 3, 3 }, 
  { 5, 3, 2, 2, 4, 5, 5, 6, 5, 5, 2, 1, 2, 4, 4, 6, 5, 5, 2, 1, 2, 4, 4, 6, 5, 5, 2, 1 } 
 }, 
 { 
  { 7, 8, 7, 5, 1, 2, 3, 5, 6, 9, 8, 7, 2, 2, 3, 5, 6, 9, 8, 7, 2, 2, 3, 5, 6, 9, 8, 7 }, 
  { 7, 7, 5, 4, 3, 0, 1, 6, 7, 8, 7, 7, 4, 1, 1, 6, 7, 8, 7, 7, 4, 1, 1, 6, 7, 8, 7, 7 }, 
  { 7, 5, 4, 3, 1, 2, 2, 5, 7, 8, 5, 5, 3, 3, 2, 5, 7, 8, 5, 5, 3, 3, 2, 5, 7, 8, 5, 5 }, 
  { 5, 4, 2, 1, 2, 2, 4, 7, 5, 5, 4, 3, 3, 3, 4, 7, 5, 5, 4, 3, 3, 3, 4, 7, 5, 5, 4, 3 }, 
  { 6, 3, 1, 1, 2, 4, 4, 6, 7, 5, 1, 1, 3, 5, 4, 6, 7, 5, 1, 1, 3, 5, 4, 6, 7, 5, 1, 1 }, 
  { 5, 5, 3, 0, 2, 5, 6, 6, 5, 5, 3, 0, 2, 5, 6, 6, 5, 5, 3, 0, 2, 5, 6, 6, 5, 5, 3, 0 }, 
  { 6, 6, 4, 3, 2, 4, 5, 6, 6, 6, 4, 3, 2, 4, 5, 6, 6, 6, 4, 3, 2, 4, 5, 6, 6, 6, 4, 3 }, 
  { 7, 8, 6, 3, 3, 3, 3, 5, 7, 8, 6, 4, 3, 3, 3, 5, 7, 8, 6, 4, 3, 3, 3, 5, 7, 8, 6, 4 }, 
  { 7, 8, 7, 5, 1, 2, 3, 5, 6, 9, 8, 7, 2, 2, 3, 5, 6, 9, 8, 7, 2, 2, 3, 5, 6, 9, 8, 7 }, 
  { 7, 7, 5, 4, 3, 0, 1, 6, 7, 8, 7, 7, 4, 1, 1, 6, 7, 8, 7, 7, 4, 1, 1, 6, 7, 8, 7, 7 }, 
  { 7, 5, 4, 3, 1, 2, 2, 5, 7, 8, 5, 5, 3, 3, 2, 5, 7, 8, 5, 5, 3, 3, 2, 5, 7, 8, 5, 5 }, 
  { 5, 4, 2, 1, 2, 2, 4, 7, 5, 5, 4, 3, 3, 3, 4, 7, 5, 5, 4, 3, 3, 3, 4, 7, 5, 5, 4, 3 }, 
  { 6, 3, 1, 1, 2, 4, 4, 6, 7, 5, 1, 1, 3, 5, 4, 6, 7, 5, 1, 1, 3, 5, 4, 6, 7, 5, 1, 1 }, 
  { 5, 5, 3, 0, 2, 5, 6, 6, 5, 5, 3, 0, 2, 5, 6, 6, 5, 5, 3, 0, 2, 5, 6, 6, 5, 5, 3, 0 }, 
  { 6, 6, 4, 3, 2, 4, 5, 6, 6, 6, 4, 3, 2, 4, 5, 6, 6, 6, 4, 3, 2, 4, 5, 6, 6, 6, 4, 3 }, 
  { 7, 8, 6, 3, 3, 3, 3, 5, 7, 8, 6, 4, 3, 3, 3, 5, 7, 8, 6, 4, 3, 3, 3, 5, 7, 8, 6, 4 }, 
  { 7, 8, 7, 5, 1, 2, 3, 5, 6, 9, 8, 7, 2, 2, 3, 5, 6, 9, 8, 7, 2, 2, 3, 5, 6, 9, 8, 7 }, 
  { 7, 7, 5, 4, 3, 0, 1, 6, 7, 8, 7, 7, 4, 1, 1, 6, 7, 8, 7, 7, 4, 1, 1, 6, 7, 8, 7, 7 }, 
  { 7, 5, 4, 3, 1, 2, 2, 5, 7, 8, 5, 5, 3, 3, 2, 5, 7, 8, 5, 5, 3, 3, 2, 5, 7, 8, 5, 5 }, 
  { 5, 4, 2, 1, 2, 2, 4, 7, 5, 5, 4, 3, 3, 3, 4, 7, 5, 5, 4, 3, 3, 3, 4, 7, 5, 5, 4, 3 }, 
  { 6, 3, 1, 1, 2, 4, 4, 6, 7, 5, 1, 1, 3, 5, 4, 6, 7, 5, 1, 1, 3, 5, 4, 6, 7, 5, 1, 1 }, 
  { 5, 5, 3, 0, 2, 5, 6, 6, 5, 5, 3, 0, 2, 5, 6, 6, 5, 5, 3, 0, 2, 5, 6, 6, 5, 5, 3, 0 }, 
  { 6, 6, 4, 3, 2, 4, 5, 7, 6, 6, 4, 3, 2, 4, 5, 6, 6, 6, 4, 3, 2, 4, 5, 6, 6, 6, 4, 3 }, 
  { 7, 8, 6, 3, 3, 4, 4, 6, 8, 8, 6, 4, 3, 3, 3, 5, 7, 8, 6, 4, 3, 3, 3, 5, 7, 8, 6, 4 }, 
  { 7, 8, 7, 5, 2, 4, 5, 7, 6, 10, 8, 7, 2, 2, 3, 5, 6, 9, 8, 7, 2, 2, 3, 5, 6, 9, 8, 7 }, 
  { 7, 7, 5, 5, 5, 3, 3, 7, 9, 8, 7, 7, 4, 1, 1, 6, 7, 8, 7, 7, 4, 1, 1, 6, 7, 8, 7, 7 }, 
  { 7, 5, 5, 4, 4, 5, 4, 7, 7, 9, 5, 5, 3, 3, 2, 5, 7, 8, 5, 5, 3, 3, 2, 5, 7, 8, 5, 5 }, 
  { 5, 4, 3, 3, 4, 4, 6, 7, 6, 5, 4, 3, 3, 3, 4, 7, 5, 5, 4, 3, 3, 3, 4, 7, 5, 5, 4, 3 } 
 }, 
 { 
  { 7, 9, 7, 5, 1, 2, 2, 5, 6, 9, 8, 7, 3, 2, 2, 5, 6, 9, 8, 7, 3, 2, 2, 5, 6, 9, 8, 7 }, 
  { 7, 7, 6, 4, 3, 0, 1, 5, 8, 8, 7, 6, 4, 1, 1, 5, 8, 8, 7, 6, 4, 1, 1, 5, 8, 8, 7, 6 }, 
  { 6, 5, 4, 4, 1, 2, 2, 5, 6, 8, 5, 6, 3, 3, 2, 5, 6, 8, 5, 6, 3, 3, 2, 5, 6, 8, 5, 6 }, 
  { 5, 4, 3, 1, 2, 2, 3, 7, 5, 5, 4, 4, 3, 3, 3, 7, 5, 5, 4, 4, 3, 3, 3, 7, 5, 5, 4, 4 }, 
  { 7, 5, 2, 1, 2, 4, 3, 5, 7, 6, 2, 2, 3, 5, 3, 5, 7, 6, 2, 2, 3, 5, 3, 5, 7, 6, 2, 2 }, 
  { 5, 5, 4, 1, 2, 5, 5, 5, 5, 5, 4, 1, 2, 5, 5, 5, 5, 5, 4, 1, 2, 5, 5, 5, 5, 5, 4, 1 }, 
  { 5, 5, 4, 4, 3, 3, 5, 7, 5, 5, 4, 4, 3, 3, 5, 7, 5, 5, 4, 4, 3, 3, 5, 7, 5, 5, 4, 4 }, 
  { 7, 7, 6, 3, 3, 2, 3, 6, 7, 7, 6, 4, 4, 2, 3, 6, 7, 7, 6, 4, 4, 2, 3, 6, 7, 7, 6, 4 }, 
  { 7, 9, 7, 5, 1, 2, 2, 5, 6, 9, 8, 7, 3, 2, 2, 5, 6, 9, 8, 7, 3, 2, 2, 5, 6, 9, 8, 7 }, 
  { 7, 7, 6, 4, 3, 0, 1, 5, 8, 8, 7, 6, 4, 1, 1, 5, 8, 8, 7, 6, 4, 1, 1, 5, 8, 8, 7, 6 }, 
  { 6, 5, 4, 4, 1, 2, 2, 5, 6, 8, 5, 6, 3, 3, 2, 5, 6, 8, 5, 6, 3, 3, 2, 5, 6, 8, 5, 6 }, 
  { 5, 4, 3, 1, 2, 2, 3, 7, 5, 5, 4, 4, 3, 3, 3, 7, 5, 5, 4, 4, 3, 3, 3, 7, 5, 5, 4, 4 }, 
  { 7, 5, 2, 1, 2, 4, 3, 5, 7, 6, 2, 2, 3, 5, 3, 5, 7, 6, 2, 2, 3, 5, 3, 5, 7, 6, 2, 2 }, 
  { 5, 5, 4, 1, 2, 5, 5, 5, 5, 5, 4, 1, 2, 5, 5, 5, 5, 5, 4, 1, 2, 5, 5, 5, 5, 5, 4, 1 }, 
  { 5, 5, 4, 4, 3, 3, 5, 7, 5, 5, 4, 4, 3, 3, 5, 7, 5, 5, 4, 4, 3, 3, 5, 7, 5, 5, 4, 4 }, 
  { 7, 7, 6, 3, 3, 2, 3, 6, 7, 7, 6, 4, 4, 2, 3, 6, 7, 7, 6, 4, 4, 2, 3, 6, 7, 7, 6, 4 }, 
  { 7, 9, 7, 5, 1, 2, 2, 5, 6, 9, 8, 7, 3, 2, 2, 5, 6, 9, 8, 7, 3, 2, 2, 5, 6, 9, 8, 7 }, 
  { 7, 7, 6, 4, 3, 0, 1, 5, 8, 8, 7, 6, 4, 1, 1, 5, 8, 8, 7, 6, 4, 1, 1, 5, 8, 8, 7, 6 }, 
  { 6, 5, 4, 4, 1, 2, 2, 5, 6, 8, 5, 6, 3, 3, 2, 5, 6, 8, 5, 6, 3, 3, 2, 5, 6, 8, 5, 6 }, 
  { 5, 4, 3, 1, 2, 2, 3, 7, 5, 5, 4, 4, 3, 3, 3, 7, 5, 5, 4, 4, 3, 3, 3, 7, 5, 5, 4, 4 }, 
  { 7, 5, 2, 1, 2, 4, 3, 5, 7, 6, 2, 2, 3, 5, 3, 5, 7, 6, 2, 2, 3, 5, 3, 5, 7, 6, 2, 2 }, 
  { 5, 5, 4, 1, 2, 5, 5, 5, 5, 5, 4, 1, 2, 5, 5, 5, 5, 5, 4, 1, 2, 5, 5, 5, 5, 5, 4, 1 }, 
  { 5, 5, 4, 4, 3, 3, 5, 8, 6, 5, 4, 4, 3, 3, 5, 7, 5, 5, 4, 4, 3, 3, 5, 7, 5, 5, 4, 4 }, 
  { 7, 7, 6, 3, 3, 3, 4, 7, 8, 7, 6, 4, 4, 2, 3, 6, 7, 7, 6, 4, 4, 2, 3, 6, 7, 7, 6, 4 }, 
  { 7, 9, 7, 5, 2, 4, 4, 7, 6, 10, 8, 7, 3, 2, 2, 5, 6, 9, 8, 7, 3, 2, 2, 5, 6, 9, 8, 7 }, 
  { 7, 7, 6, 5, 5, 3, 3, 6, 10, 8, 7, 6, 4, 1, 1, 5, 8, 8, 7, 6, 4, 1, 1, 5, 8, 8, 7, 6 }, 
  { 6, 5, 5, 5, 3, 5, 3, 8, 6, 9, 5, 6, 3, 3, 2, 5, 6, 8, 5, 6, 3, 3, 2, 5, 6, 8, 5, 6 }, 
  { 5, 4, 4, 3, 4, 3, 6, 7, 6, 5, 4, 4, 3, 3, 3, 7, 5, 5, 4, 4, 3, 3, 3, 7, 5, 5, 4, 4 } 
 }
}
Output pool1 ====> : 
{ 
 { 
  { 6, 3, 1, 4, 8, 5, 1, 4, 8, 5, 1, 4, 8, 5 }, 
  { 3, 3, 3, 3, 4, 4, 4, 3, 4, 4, 4, 3, 4, 4 }, 
  { 5, 1, 3, 5, 5, 1, 3, 5, 5, 1, 3, 5, 5, 1 }, 
  { 7, 2, 1, 5, 7, 3, 1, 5, 7, 3, 1, 5, 7, 3 }, 
  { 6, 3, 1, 4, 8, 5, 1, 4, 8, 5, 1, 4, 8, 5 }, 
  { 3, 3, 3, 3, 4, 4, 4, 3, 4, 4, 4, 3, 4, 4 }, 
  { 5, 1, 3, 5, 5, 1, 3, 5, 5, 1, 3, 5, 5, 1 }, 
  { 7, 2, 1, 5, 7, 3, 1, 5, 7, 3, 1, 5, 7, 3 }, 
  { 6, 3, 1, 4, 8, 5, 1, 4, 8, 5, 1, 4, 8, 5 }, 
  { 3, 3, 3, 3, 4, 4, 4, 3, 4, 4, 4, 3, 4, 4 }, 
  { 5, 1, 3, 5, 5, 1, 3, 5, 5, 1, 3, 5, 5, 1 }, 
  { 7, 2, 2, 6, 7, 3, 1, 5, 7, 3, 1, 5, 7, 3 }, 
  { 6, 4, 3, 4, 8, 5, 1, 4, 8, 5, 1, 4, 8, 5 }, 
  { 3, 4, 4, 5, 4, 4, 4, 3, 4, 4, 4, 3, 4, 4 } 
 },
 { 
  { 0, 0, 0, 0, 0, 0, 0, 0, 0, 0, 0, 0, 0, 0 }, 
  { 0, 0, 0, 0, 0, 0, 0, 0, 0, 0, 0, 0, 0, 0 }, 
  { 0, 0, 0, 0, 0, 0, 0, 0, 0, 0, 0, 0, 0, 0 }, 
  { 0, 0, 0, 0, 0, 0, 0, 0, 0, 0, 0, 0, 0, 0 }, 
  { 0, 0, 0, 0, 0, 0, 0, 0, 0, 0, 0, 0, 0, 0 }, 
  { 0, 0, 0, 0, 0, 0, 0, 0, 0, 0, 0, 0, 0, 0 }, 
  { 0, 0, 0, 0, 0, 0, 0, 0, 0, 0, 0, 0, 0, 0 }, 
  { 0, 0, 0, 0, 0, 0, 0, 0, 0, 0, 0, 0, 0, 0 }, 
  { 0, 0, 0, 0, 0, 0, 0, 0, 0, 0, 0, 0, 0, 0 }, 
  { 0, 0, 0, 0, 0, 0, 0, 0, 0, 0, 0, 0, 0, 0 }, 
  { 0, 0, 0, 0, 0, 0, 0, 0, 0, 0, 0, 0, 0, 0 }, 
  { 0, 0, 0, 0, 0, 0, 0, 0, 0, 0, 0, 0, 0, 0 }, 
  { 0, 0, 0, 0, 0, 0, 0, 0, 0, 0, 0, 0, 0, 0 }, 
  { 0, 0, 0, 0, 0, 0, 0, 0, 0, 0, 0, 0, 0, 0 } 
 },
 { 
  { 6, 3, 1, 4, 8, 5, 1, 4, 8, 5, 1, 4, 8, 5 }, 
  { 3, 3, 3, 3, 4, 4, 4, 3, 4, 4, 4, 3, 4, 4 }, 
  { 5, 1, 3, 5, 5, 1, 3, 5, 5, 1, 3, 5, 5, 1 }, 
  { 7, 2, 1, 5, 7, 3, 1, 5, 7, 3, 1, 5, 7, 3 }, 
  { 6, 3, 1, 4, 8, 5, 1, 4, 8, 5, 1, 4, 8, 5 }, 
  { 3, 3, 3, 3, 4, 4, 4, 3, 4, 4, 4, 3, 4, 4 }, 
  { 5, 1, 3, 5, 5, 1, 3, 5, 5, 1, 3, 5, 5, 1 }, 
  { 7, 2, 1, 5, 7, 3, 1, 5, 7, 3, 1, 5, 7, 3 }, 
  { 6, 3, 1, 4, 8, 5, 1, 4, 8, 5, 1, 4, 8, 5 }, 
  { 3, 3, 3, 3, 4, 4, 4, 3, 4, 4, 4, 3, 4, 4 }, 
  { 5, 1, 3, 5, 5, 1, 3, 5, 5, 1, 3, 5, 5, 1 }, 
  { 7, 2, 2, 6, 7, 3, 1, 5, 7, 3, 1, 5, 7, 3 }, 
  { 6, 4, 3, 4, 8, 5, 1, 4, 8, 5, 1, 4, 8, 5 }, 
  { 3, 4, 4, 5, 4, 4, 4, 3, 4, 4, 4, 3, 4, 4 } 
 },
 { 
  { 0, 0, 0, 0, 0, 0, 0, 0, 0, 0, 0, 0, 0, 0 }, 
  { 0, 0, 0, 0, 0, 0, 0, 0, 0, 0, 0, 0, 0, 0 }, 
  { 0, 0, 0, 0, 0, 0, 0, 0, 0, 0, 0, 0, 0, 0 }, 
  { 0, 0, 0, 0, 0, 0, 0, 0, 0, 0, 0, 0, 0, 0 }, 
  { 0, 0, 0, 0, 0, 0, 0, 0, 0, 0, 0, 0, 0, 0 }, 
  { 0, 0, 0, 0, 0, 0, 0, 0, 0, 0, 0, 0, 0, 0 }, 
  { 0, 0, 0, 0, 0, 0, 0, 0, 0, 0, 0, 0, 0, 0 }, 
  { 0, 0, 0, 0, 0, 0, 0, 0, 0, 0, 0, 0, 0, 0 }, 
  { 0, 0, 0, 0, 0, 0, 0, 0, 0, 0, 0, 0, 0, 0 }, 
  { 0, 0, 0, 0, 0, 0, 0, 0, 0, 0, 0, 0, 0, 0 }, 
  { 0, 0, 0, 0, 0, 0, 0, 0, 0, 0, 0, 0, 0, 0 }, 
  { 0, 0, 0, 0, 0, 0, 0, 0, 0, 0, 0, 0, 0, 0 }, 
  { 0, 0, 0, 0, 0, 0, 0, 0, 0, 0, 0, 0, 0, 0 }, 
  { 0, 0, 0, 0, 0, 0, 0, 0, 0, 0, 0, 0, 0, 0 } 
 }
}
INFO: [SIM 1] CSim done with 0 errors.
INFO: [SIM 3] *************** CSIM finish ***************
